Log file open, 12/12/16 23:23:08
LogInit:Display: Running engine for game: BeamsandLasersPack
LogPlatformFile: Not using cached read wrapper
LogInit:Display: RandInit(317838484) SRandInit(317838485).
LogTaskGraph: Started task graph with 4 named threads and 7 total threads with 1 sets of task threads.
LogStats: Stats thread started at 0.085483
LogInit: Version: 4.12.5-3039270+++UE4+Release-4.12
LogInit: API Version: 2992821
LogInit: Net Version: 3039270
LogDevObjectVersion: Number of dev versions registered: 13
LogDevObjectVersion:   Dev-Blueprints (B0D832E4-1F89-4F0D-ACCF-7EB736FD4AA2): 3
LogDevObjectVersion:   Dev-Build (E1C64328-A22C-4D53-A36C-8E866417BD8C): 0
LogDevObjectVersion:   Dev-Core (375EC13C-06E4-48FB-B500-84F0262A717E): 1
LogDevObjectVersion:   Dev-Editor (E4B068ED-F494-42E9-A231-DA0B2E46BB41): 2
LogDevObjectVersion:   Dev-Framework (CFFC743F-43B0-4480-9391-14DF171D2073): 6
LogDevObjectVersion:   Dev-Mobile (B02B49B5-BB20-44E9-A304-32B752E40360): 0
LogDevObjectVersion:   Dev-Networking (A4E4105C-59A1-49B5-A7C5-40C4547EDFEE): 0
LogDevObjectVersion:   Dev-Online (39C831C9-5AE6-47DC-9A44-9C173E1C8E7C): 0
LogDevObjectVersion:   Dev-Physics (78F01B33-EBEA-4F98-B9B4-84EACCB95AA2): 0
LogDevObjectVersion:   Dev-Platform (6631380F-2D4D-43E0-8009-CF276956A95A): 0
LogDevObjectVersion:   Dev-Rendering (12F88B9F-8875-4AFC-A67C-D90C383ABD29): 2
LogDevObjectVersion:   Dev-Sequencer (7B5AE74C-D270-4C10-A958-57980B212A5A): 0
LogDevObjectVersion:   Dev-VR (D7296918-1DD6-4BDD-9DE2-64A83CC13884): 0
LogInit: Compiled (64-bit): Jul  6 2016 09:09:46
LogInit: Compiled with Visual C++: 19.00.23026.00
LogInit: Build Configuration: Development
LogInit: Branch Name: ++UE4+Release-4.12
LogInit: Command line:  
LogInit: Base directory: C:/Program Files (x86)/Epic Games/4.12/Engine/Binaries/Win64/
LogInit: Installed Engine Build: 1
LogInit: Using libcurl 7.41.0
LogInit:  - built for x86_64-pc-win32
LogInit:  - supports SSL with WinSSL
LogInit:  - other features:
LogInit:      CURL_VERSION_SSL
LogInit:      CURL_VERSION_IPV6
LogInit:      CURL_VERSION_ASYNCHDNS
LogInit:      CURL_VERSION_LARGEFILE
LogInit:      CURL_VERSION_IDN
LogInit:  CurlRequestOptions (configurable via config and command line):
LogInit:  - bVerifyPeer = true  - Libcurl will verify peer certificate
LogInit:  - bUseHttpProxy = false  - Libcurl will NOT use HTTP proxy
LogInit:  - bDontReuseConnections = false  - Libcurl will reuse connections
LogInit:  - CertBundlePath = nullptr  - Libcurl will use whatever was configured at build time.
LogInit: Presizing for max 8388607 objects, including 0 objects not considered by GC, pre-allocating 0 bytes for permanent pool.
LogInit: Object subsystem initialized
[2016.12.12-15.23.08:084][  0]LogInit: Selected Device Profile: [Windows]
[2016.12.12-15.23.08:084][  0]LogInit: Applying CVar settings loaded from the selected device profile: [Windows]
[2016.12.12-15.23.08:091][  0]LogInit: Computer: DESKTOP-H6UJHAM
[2016.12.12-15.23.08:091][  0]LogInit: User: YangHongpeng
[2016.12.12-15.23.08:091][  0]LogInit: CPU Page size=65536, Cores=4
[2016.12.12-15.23.08:091][  0]LogInit: High frequency timer resolution =3.906245 MHz
[2016.12.12-15.23.08:091][  0]LogMemory: Memory total: Physical=15.9GB (16GB approx)
[2016.12.12-15.23.08:091][  0]LogMemory: Platform Memory Stats for Windows
[2016.12.12-15.23.08:091][  0]LogMemory: Process Physical Memory: 190.07 MB used, 190.07 MB peak
[2016.12.12-15.23.08:091][  0]LogMemory: Process Virtual Memory: 195.10 MB used, 195.10 MB peak
[2016.12.12-15.23.08:091][  0]LogMemory: Physical Memory: 4141.26 MB used, 16326.48 MB total
[2016.12.12-15.23.08:091][  0]LogMemory: Virtual Memory: 552.82 MB used, 134217728.00 MB total
[2016.12.12-15.23.08:184][  0]LogTextLocalizationManager:Warning: Loaded localization resources contain conflicting entries for (Namespace:K2Node, Key:Target):
Localization Resource: (C:/Program Files (x86)/Epic Games/4.12/Engine/Content/Localization/EditorTutorials/zh-CN/EditorTutorials.locres) Source String Hash: (-1589014459) Localized String: (目标)
Localization Resource: (C:/Program Files (x86)/Epic Games/4.12/Engine/Content/Localization/Engine/zh-CN/Engine.locres) Source String Hash: (-1589014459) Localized String: (对象)
[2016.12.12-15.23.08:184][  0]LogTextLocalizationManager:Warning: Loaded localization resources contain conflicting entries for (Namespace:K2Node, Key:false):
Localization Resource: (C:/Program Files (x86)/Epic Games/4.12/Engine/Content/Localization/EditorTutorials/zh-CN/EditorTutorials.locres) Source String Hash: (816077464) Localized String: (假)
Localization Resource: (C:/Program Files (x86)/Epic Games/4.12/Engine/Content/Localization/Engine/zh-CN/Engine.locres) Source String Hash: (816077464) Localized String: (错误)
[2016.12.12-15.23.08:184][  0]LogTextLocalizationManager:Warning: Loaded localization resources contain conflicting entries for (Namespace:K2Node, Key:true):
Localization Resource: (C:/Program Files (x86)/Epic Games/4.12/Engine/Content/Localization/EditorTutorials/zh-CN/EditorTutorials.locres) Source String Hash: (-942328987) Localized String: (真)
Localization Resource: (C:/Program Files (x86)/Epic Games/4.12/Engine/Content/Localization/Engine/zh-CN/Engine.locres) Source String Hash: (-942328987) Localized String: (正确)
[2016.12.12-15.23.08:184][  0]LogTextLocalizationManager:Warning: Loaded localization resources contain conflicting entries for (Namespace:UObjectToolTips, Key:AnimNode_AssetPlayerBase:InternalTimeAccumulator):
Localization Resource: (C:/Program Files (x86)/Epic Games/4.12/Engine/Content/Localization/EditorTutorials/zh-CN/EditorTutorials.locres) Source String Hash: (502993589) Localized String: (用于引用此节点中的资源的累积时间)
Localization Resource: (C:/Program Files (x86)/Epic Games/4.12/Engine/Content/Localization/Engine/zh-CN/Engine.locres) Source String Hash: (502993589) Localized String: (引用该节点中资源所用的累计时间)
[2016.12.12-15.23.08:184][  0]LogTextLocalizationManager:Warning: Loaded localization resources contain conflicting entries for (Namespace:UObjectToolTips, Key:AnimNode_AssetPlayerBase:bIgnoreForRelevancyTest):
Localization Resource: (C:/Program Files (x86)/Epic Games/4.12/Engine/Content/Localization/EditorTutorials/zh-CN/EditorTutorials.locres) Source String Hash: (319969718) Localized String: (若为真，在状态中寻找最高权重动画的“相关动画”节点将忽视 此节点)
Localization Resource: (C:/Program Files (x86)/Epic Games/4.12/Engine/Content/Localization/Engine/zh-CN/Engine.locres) Source String Hash: (319969718) Localized String: (如果为真，那么将会忽略查找最高权重动画的"相关动画"节点。
这个节点)
[2016.12.12-15.23.08:184][  0]LogTextLocalizationManager:Warning: Loaded localization resources contain conflicting entries for (Namespace:UObjectToolTips, Key:AnimNode_AssetPlayerBase:BlendWeight):
Localization Resource: (C:/Program Files (x86)/Epic Games/4.12/Engine/Content/Localization/EditorTutorials/zh-CN/EditorTutorials.locres) Source String Hash: (-1232800293) Localized String: (此节点最后交会的混合权重)
Localization Resource: (C:/Program Files (x86)/Epic Games/4.12/Engine/Content/Localization/Engine/zh-CN/Engine.locres) Source String Hash: (-1232800293) Localized String: (该节点上一次遇到的混合权重)
[2016.12.12-15.23.08:274][  0]LogD3D11RHI: D3D11 adapters:
[2016.12.12-15.23.08:727][  0]LogD3D11RHI:    0. 'NVIDIA GeForce GTX 980 Ti' (Feature Level 11_0)
[2016.12.12-15.23.08:727][  0]LogD3D11RHI:       6102/0/8163 MB DedicatedVideo/DedicatedSystem/SharedSystem, Outputs:1, VendorId:0x10de
[2016.12.12-15.23.08:728][  0]LogD3D11RHI:    1. 'Microsoft Basic Render Driver' (Feature Level 11_0)
[2016.12.12-15.23.08:728][  0]LogD3D11RHI:       0/0/8163 MB DedicatedVideo/DedicatedSystem/SharedSystem, Outputs:0, VendorId:0x1414
[2016.12.12-15.23.08:728][  0]LogD3D11RHI: Chosen D3D11 Adapter: 0
[2016.12.12-15.23.08:732][  0]LogD3D11RHI: Creating new Direct3DDevice
[2016.12.12-15.23.08:732][  0]LogD3D11RHI:     GPU DeviceId: 0x17c8 (for the marketing name, search the web for "GPU Device Id")
[2016.12.12-15.23.08:732][  0]LogWindows: EnumDisplayDevices:
[2016.12.12-15.23.08:732][  0]LogWindows:    0. 'NVIDIA GeForce GTX 980 Ti' (P:1 D:1)
[2016.12.12-15.23.08:732][  0]LogWindows:    1. 'NVIDIA GeForce GTX 980 Ti' (P:0 D:0)
[2016.12.12-15.23.08:732][  0]LogWindows:    2. 'NVIDIA GeForce GTX 980 Ti' (P:0 D:0)
[2016.12.12-15.23.08:733][  0]LogWindows:    3. 'NVIDIA GeForce GTX 980 Ti' (P:0 D:0)
[2016.12.12-15.23.08:733][  0]LogWindows: DebugString: FoundDriverCount:4 
[2016.12.12-15.23.08:733][  0]LogD3D11RHI:     Adapter Name: NVIDIA GeForce GTX 980 Ti
[2016.12.12-15.23.08:733][  0]LogD3D11RHI:   Driver Version: 376.09 (internal:21.21.13.7609, unified:376.09)
[2016.12.12-15.23.08:733][  0]LogD3D11RHI:      Driver Date: 11-24-2016
[2016.12.12-15.23.08:733][  0]LogRHI: Texture pool is 1361 MB (70% of 1945 MB)
[2016.12.12-15.23.09:153][  0]LogD3D11RHI: Async texture creation enabled
[2016.12.12-15.23.09:338][  0]LogD3D11RHI: GPU Timing Frequency: 1000.000000 (Debug: 2 1)
[2016.12.12-15.23.09:339][  0]LogShaderCompilers: Guid format shader working directory is 10 characters bigger than the processId version (E:/_Unreal4_Project/BeamsandLasersPack/Intermediate/Shaders/WorkingDirectory/13928/).
[2016.12.12-15.23.09:339][  0]LogShaderCompilers: Cleaned the shader compiler working directory 'C:/Users/YANGHO~1/AppData/Local/Temp/UnrealShaderWorkingDir/6FC28C5742559ED005AD06A2FE155A64/'.
[2016.12.12-15.23.09:339][  0]LogShaderCompilers:Display: Using Local Shader Compiler.
[2016.12.12-15.23.10:809][  0]LogTemp:Display: Loaded TP AllDesktopTargetPlatform
[2016.12.12-15.23.10:817][  0]LogTemp:Display: Loaded TP WindowsClientTargetPlatform
[2016.12.12-15.23.10:826][  0]LogTemp:Display: Loaded TP WindowsNoEditorTargetPlatform
[2016.12.12-15.23.10:835][  0]LogTemp:Display: Loaded TP WindowsServerTargetPlatform
[2016.12.12-15.23.10:843][  0]LogTemp:Display: Loaded TP WindowsTargetPlatform
[2016.12.12-15.23.10:850][  0]LogTemp:Display: Loaded TP AndroidTargetPlatform
[2016.12.12-15.23.10:856][  0]LogTemp:Display: Loaded TP Android_ASTCTargetPlatform
[2016.12.12-15.23.10:862][  0]LogTemp:Display: Loaded TP Android_ATCTargetPlatform
[2016.12.12-15.23.10:869][  0]LogTemp:Display: Loaded TP Android_DXTTargetPlatform
[2016.12.12-15.23.10:875][  0]LogTemp:Display: Loaded TP Android_ETC1TargetPlatform
[2016.12.12-15.23.10:881][  0]LogTemp:Display: Loaded TP Android_ETC2TargetPlatform
[2016.12.12-15.23.10:894][  0]LogTemp:Display: Loaded TP Android_MultiTargetPlatform
[2016.12.12-15.23.10:894][  0]LogTemp:Display: Loaded TP Android_PVRTCTargetPlatform
[2016.12.12-15.23.10:894][  0]LogTemp:Display: Loaded TP HTML5TargetPlatform
[2016.12.12-15.23.10:914][  0]LogTemp:Display: Loaded TP IOSTargetPlatform
[2016.12.12-15.23.10:919][  0]LogTemp:Display: Loaded TP TVOSTargetPlatform
[2016.12.12-15.23.10:925][  0]LogTemp:Display: Loaded TP LinuxNoEditorTargetPlatform
[2016.12.12-15.23.10:932][  0]LogTemp:Display: Loaded TP LinuxServerTargetPlatform
[2016.12.12-15.23.10:938][  0]LogTemp:Display: Loaded TP LinuxTargetPlatform
[2016.12.12-15.23.10:938][  0]LogTargetPlatformManager:Display: Building Assets For Windows
[2016.12.12-15.23.11:017][  0]LogDerivedDataCache:Display: Max Cache Size: 512 MB
[2016.12.12-15.23.11:060][  0]LogDerivedDataCache: Loaded boot cache 0.04s 48MB C:/Users/YangHongpeng/AppData/Local/UnrealEngine/4.12/DerivedDataCache/Boot.ddc.
[2016.12.12-15.23.11:061][  0]LogDerivedDataCache:Display: Loaded Boot cache: C:/Users/YangHongpeng/AppData/Local/UnrealEngine/4.12/DerivedDataCache/Boot.ddc
[2016.12.12-15.23.11:061][  0]LogDerivedDataCache: FDerivedDataBackendGraph:  Pak pak cache file E:/_Unreal4_Project/BeamsandLasersPack/DerivedDataCache/DDC.ddp not found, will not use a pak cache.
[2016.12.12-15.23.11:061][  0]LogDerivedDataCache: Unable to find inner node Pak for hierarchical cache Hierarchy.
[2016.12.12-15.23.11:061][  0]LogDerivedDataCache: FDerivedDataBackendGraph:  CompressedPak pak cache file E:/_Unreal4_Project/BeamsandLasersPack/DerivedDataCache/Compressed.ddp not found, will not use a pak cache.
[2016.12.12-15.23.11:061][  0]LogDerivedDataCache: Unable to find inner node CompressedPak for hierarchical cache Hierarchy.
[2016.12.12-15.23.11:075][  0]LogDerivedDataCache:Display: Pak cache opened for reading ../../../Engine/DerivedDataCache/Compressed.ddp.
[2016.12.12-15.23.11:088][  0]LogDerivedDataCache: Using Local data cache path C:/Users/YangHongpeng/AppData/Local/UnrealEngine/Common/DerivedDataCache: Writable
[2016.12.12-15.23.11:233][  0]LogInit: Selected Device Profile: [Windows]
[2016.12.12-15.23.11:233][  0]LogContentStreaming: Texture pool size is 0.00 MB
[2016.12.12-15.23.11:358][  0]LogMeshUtilities: No automatic mesh reduction module available
[2016.12.12-15.23.11:358][  0]LogMeshUtilities: No automatic mesh merging module available
[2016.12.12-15.23.11:358][  0]LogMeshUtilities: No distributed automatic mesh merging module available
[2016.12.12-15.23.11:551][  0]LogAssetRegistry: FAssetRegistry took 0.0222 seconds to start up
[2016.12.12-15.23.11:596][  0]LogPackageLocalizationCache: Processed 3 localized package path(s) for 4 prioritized culture(s) in 0.041185 seconds
[2016.12.12-15.23.11:599][  0]LogUObjectArray: 28739 objects as part of root set at end of initial load.
[2016.12.12-15.23.11:599][  0]LogUObjectAllocator: 5855632 out of 0 bytes used by permanent object pool.
[2016.12.12-15.23.11:599][  0]LogUObjectArray: CloseDisregardForGC: 0/0 objects in disregard for GC pool
[2016.12.12-15.23.11:608][  0]LogInit: WinSock: version 1.1 (2.2), MaxSocks=32767, MaxUdp=65467
[2016.12.12-15.23.11:760][  0]LogSlate: SlateFontCache - WITH_FREETYPE: 1, WITH_HARFBUZZ: 1
[2016.12.12-15.23.11:760][  0]LogSlate: SlateFontCache - WITH_FREETYPE: 1, WITH_HARFBUZZ: 1
[2016.12.12-15.23.12:254][  0]LogUdpMessaging: Initializing bridge on interface 0.0.0.0:0 to multicast group 230.0.0.1:6666.
[2016.12.12-15.23.12:503][  0]SourceControl: 信息 源码控制已禁用
[2016.12.12-15.23.12:504][  0]SourceControl: 信息 源码控制已禁用
[2016.12.12-15.23.12:513][  0]SourceControl: 信息 源码控制已禁用
[2016.12.12-15.23.12:522][  0]SourceControl: 信息 源码控制已禁用
[2016.12.12-15.23.12:725][  0]LogEngine: Initializing Engine...
[2016.12.12-15.23.12:726][  0]LogHMD: SteamVR failed to initialize.  Err: 110
[2016.12.12-15.23.12:727][  0]LogHMD: SteamVR failed to initialize.  Err: 110
[2016.12.12-15.23.12:833][  0]LogAIModule: Creating AISystem for world NewWorld
[2016.12.12-15.23.12:847][  0]LogInit: XAudio2 using '扬声器 (Realtek High Definition Audio)' : 2 channels at 48 kHz using 32 bits per sample (channel mask 0x3)
[2016.12.12-15.23.12:860][  0]LogInit: FAudioDevice initialized.
[2016.12.12-15.23.12:884][  0]LogDerivedDataCache: Saved boot cache 0.02s 48MB C:/Users/YangHongpeng/AppData/Local/UnrealEngine/4.12/DerivedDataCache/Boot.ddc.
[2016.12.12-15.23.12:889][  0]LogInit: Texture streaming: Enabled
[2016.12.12-15.23.12:907][  0]LogInit: Transaction tracking system initialized
[2016.12.12-15.23.12:933][  0]BlueprintLog: New page: 编辑器加载
[2016.12.12-15.23.13:010][  0]LocalizationService: 信息 本地化服务已被禁用
[2016.12.12-15.23.13:070][  0]LogConsoleResponse:Display: 
[2016.12.12-15.23.13:153][  0]LogCook:Display: Max memory allowance for cook 8192mb
[2016.12.12-15.23.13:153][  0]LogCook:Display: Mobile HDR setting 1
[2016.12.12-15.23.13:245][  0]LogFileCache: Scanning file cache for directory 'E:/_Unreal4_Project/BeamsandLasersPack/Content/' took 0.01s
[2016.12.12-15.23.13:245][  0]SourceControl: 信息 源码控制已禁用
[2016.12.12-15.23.13:245][  0]Cmd: MAP LOAD FILE="../../../Engine/Content/Maps/Templates/Template_Default.umap" TEMPLATE=1 SHOWPROGRESS=1 FEATURELEVEL=3
[2016.12.12-15.23.13:246][  0]LightingResults: New page: 光照构建
[2016.12.12-15.23.13:249][  0]MapCheck: New page: 地图检测
[2016.12.12-15.23.13:249][  0]LightingResults: New page: 光照构建
[2016.12.12-15.23.13:415][  0]LogAIModule: Creating AISystem for world Untitled_1
[2016.12.12-15.23.13:419][  0]LogEditorServer: Finished looking for orphan Actors (0.000 secs)
[2016.12.12-15.23.13:422][  0]Cmd: MAP CHECKDEP NOCLEARLOG
[2016.12.12-15.23.13:448][  0]MapCheck: 信息 地图检测完成：0个错误，0 个警告，用时26.237毫秒完成。
[2016.12.12-15.23.13:448][  0]LogFileHelpers: Loading map 'Template_Default' took 0.203
[2016.12.12-15.23.13:603][  0]LogCollectionManager: Loaded 0 collections in 0.005916 seconds
[2016.12.12-15.23.13:653][  0]LogFileCache: Scanning file cache for directory 'E:/_Unreal4_Project/BeamsandLasersPack/Saved/Collections/' took 0.01s
[2016.12.12-15.23.13:653][  0]LogFileCache: Scanning file cache for directory 'E:/_Unreal4_Project/BeamsandLasersPack/Content/Developers/YangHongpeng/Collections/' took 0.01s
[2016.12.12-15.23.13:653][  0]LogFileCache: Scanning file cache for directory 'E:/_Unreal4_Project/BeamsandLasersPack/Content/Collections/' took 0.01s
[2016.12.12-15.23.13:653][  0]LogCollectionManager: Rebuilt the GUID cache for 0 collections in 0.000004 seconds
[2016.12.12-15.23.13:669][  0]LogContentBrowser: Native class hierarchy populated in 0.0149 seconds. Added 2047 classes and 369 folders.
[2016.12.12-15.23.13:678][  0]LogStats: UGameplayTagsManager::ConstructGameplayTagTree: Construct from data asset -  0.000 s
[2016.12.12-15.23.13:678][  0]LogStats: UGameplayTagsManager::ConstructGameplayTagTree: GameplayTagTreeChangedEvent.Broadcast -  0.000 s
[2016.12.12-15.23.13:679][  0]LogContentBrowser: Native class hierarchy updated for 'GameplayTags' in 0.0008 seconds. Added 12 classes and 0 folders.
[2016.12.12-15.23.13:692][  0]LogContentBrowser: Native class hierarchy updated for 'WidgetCarousel' in 0.0006 seconds. Added 0 classes and 0 folders.
[2016.12.12-15.23.13:766][  0]LogContentBrowser: Native class hierarchy updated for 'AddContentDialog' in 0.0004 seconds. Added 0 classes and 0 folders.
[2016.12.12-15.23.13:813][  0]LogContentBrowser: Native class hierarchy updated for 'SceneOutliner' in 0.0003 seconds. Added 1 classes and 2 folders.
[2016.12.12-15.23.13:826][  0]LogCrashTracker: Crashtracker disabled due to settings.
[2016.12.12-15.23.13:831][  0]LogUObjectGlobals:Warning: 寻找对象'Class 无.'失败
[2016.12.12-15.23.13:857][  0]LogContentBrowser: Native class hierarchy updated for 'HierarchicalLODOutliner' in 0.0004 seconds. Added 1 classes and 2 folders.
[2016.12.12-15.23.13:857][  0]LogLoad: Full Startup: 6.61 seconds (BP compile: 0.02 seconds)
[2016.12.12-15.23.13:857][  0]LogExternalProfiler: No external profilers were discovered.  External profiling features will not be available.
[2016.12.12-15.23.14:198][  0]LogOcInput: OculusInput pre-init called
[2016.12.12-15.23.14:246][  0]LogContentStreaming: Texture pool size now 1000 MB
[2016.12.12-15.23.14:590][  0]LogRenderer: Reallocating scene render targets to support 1220x996 (Frame:2).
[2016.12.12-15.23.14:646][  1]LogAssetRegistry: Asset discovery search completed in 3.1172 seconds
[2016.12.12-15.23.14:646][  1]LogCollectionManager: Rebuilt the object cache for 0 collections in 0.000000 seconds (found 0 objects)
[2016.12.12-15.23.14:646][  1]LogCollectionManager: Fixed up redirectors for 0 collections in 0.000015 seconds (updated 0 objects)
[2016.12.12-15.23.21:244][430]LogWindowsTextInputMethodSystem:Display: IME system now activated using TSF (QQ拼音Win8版).
[2016.12.12-15.23.21:366][430]LogLinker:Warning: 无法寻找到文件'/Game/Facility_stuff/Characters/Daleks/Weapons/BlueBeam_M'
[2016.12.12-15.23.21:366][430]LogLinker:Warning: 无法在加载E:/_Unreal4_Project/BeamsandLasersPack/Content/BeamsAndLazers/Models/BluebeamFX.uasset时寻找到资源'/Game/Facility_stuff/Characters/Daleks/Weapons/BlueBeam_M'的文件。
[2016.12.12-15.23.21:366][430]LoadErrors:Error: 错误 /Game/BeamsAndLazers/Models/BluebeamFX : 无法寻找到资源的文件。 /Game/Facility_stuff/Characters/Daleks/Weapons/BlueBeam_M
[2016.12.12-15.23.21:366][430]LogLinker:Warning: 无法寻找到文件'/Game/Facility_stuff/Characters/Daleks/Weapons/BlueBeam_M'
[2016.12.12-15.23.21:366][430]LogLinker:Warning: 无法在加载E:/_Unreal4_Project/BeamsandLasersPack/Content/BeamsAndLazers/Models/BluebeamFX.uasset时寻找到资源'/Game/Facility_stuff/Characters/Daleks/Weapons/BlueBeam_M'的文件。
[2016.12.12-15.23.21:458][430]LogLinker:Warning: 无法寻找到文件'/Game/Facility_stuff/Characters/Daleks/Weapons/BlueBeam_M'
[2016.12.12-15.23.21:458][430]LoadErrors: 信息 加载失败 /Game/Facility_stuff/Characters/Daleks/Weapons/BlueBeam_M.BlueBeam_M 引用者 BluebeamFX
[2016.12.12-15.23.21:458][430]LogLinker:Warning: 无法在加载NULL时寻找到资源'/Game/Facility_stuff/Characters/Daleks/Weapons/BlueBeam_M'的文件。
[2016.12.12-15.23.21:569][430]LogTexture:Display: 正在构建贴图: T_Explosion_SubUV (AutoDXT)
[2016.12.12-15.23.22:267][430]LogTexture:Display: 正在构建贴图: T_Burst_M (AutoDXT)
[2016.12.12-15.23.22:423][430]LogTexture:Display: 正在构建贴图: T_Smoke_SubUV (AutoDXT)
[2016.12.12-15.23.23:623][430]LogTexture:Display: 正在构建贴图: T_Smoke_Tiled_D (AutoDXT)
[2016.12.12-15.23.23:654][430]LogTexture:Display: 正在构建贴图: ThumbnailTexture (DXT1)
[2016.12.12-15.23.23:709][430]LogStaticMesh: 正在构建静态网格物体Cuboid...
[2016.12.12-15.23.23:711][430]LogStaticMesh: Built static mesh [0.00s] /Game/BeamsAndLazers/Models/Cuboid.Cuboid
[2016.12.12-15.23.23:719][430]LogStaticMesh: 正在构建静态网格物体BluebeamFX...
[2016.12.12-15.23.23:720][430]LogStaticMesh: Built static mesh [0.00s] /Game/BeamsAndLazers/Models/BluebeamFX.BluebeamFX
[2016.12.12-15.23.23:726][430]LogTexture:Display: 正在构建贴图: PlasmaStream (AutoDXT)
[2016.12.12-15.23.23:767][430]LogTexture:Display: 正在构建贴图: Clouds (AutoDXT)
[2016.12.12-15.23.23:803][430]LogMaterial: Missing cached shader map for material Stream_M, compiling. 
[2016.12.12-15.23.23:826][430]LogTexture:Display: 正在构建贴图: StarShot (AutoDXT)
[2016.12.12-15.23.23:849][430]LogMaterial: Missing cached shader map for material Star_M, compiling. 
[2016.12.12-15.23.23:862][430]LogTexture:Display: 正在构建贴图: sphere (AutoDXT)
[2016.12.12-15.23.23:892][430]LogMaterial: Missing cached shader map for material Sphere_M, compiling. 
[2016.12.12-15.23.23:906][430]LogStaticMesh: 正在构建静态网格物体TorusRing...
[2016.12.12-15.23.23:909][430]LogStaticMesh: Built static mesh [0.00s] /Game/BeamsAndLazers/Models/TorusRing.TorusRing
[2016.12.12-15.23.23:928][430]LogTexture:Display: 正在构建贴图: ThumbnailTexture (DXT1)
[2016.12.12-15.23.23:990][430]LogTexture:Display: 正在构建贴图: Ring (AutoDXT)
[2016.12.12-15.23.24:059][430]LogMaterial: Missing cached shader map for material Ring_M, compiling. 
[2016.12.12-15.23.24:075][430]LogTexture:Display: 正在构建贴图: ThumbnailTexture (DXT1)
[2016.12.12-15.23.24:140][430]LogTexture:Display: 正在构建贴图: LongBolt (AutoDXT)
[2016.12.12-15.23.24:172][430]LogMaterial: Missing cached shader map for material Stream_M4, compiling. 
[2016.12.12-15.23.24:189][430]LogTexture:Display: 正在构建贴图: TearBolt (AutoDXT)
[2016.12.12-15.23.24:224][430]LogMaterial: Missing cached shader map for material Stream_M3, compiling. 
[2016.12.12-15.23.24:243][430]LogTexture:Display: 正在构建贴图: ThumbnailTexture (DXT1)
[2016.12.12-15.23.24:319][430]LogTexture:Display: 正在构建贴图: ThumbnailTexture (DXT1)
[2016.12.12-15.23.24:389][430]LogMaterial: Missing cached shader map for material Stream_M2, compiling. 
[2016.12.12-15.23.24:412][430]LogMaterial: Missing cached shader map for material Blank, compiling. 
[2016.12.12-15.23.24:440][430]LogStaticMesh: 正在构建静态网格物体Crystal...
[2016.12.12-15.23.24:441][430]LogStaticMesh: Built static mesh [0.00s] /Game/BeamsAndLazers/Models/Crystal.Crystal
[2016.12.12-15.23.24:450][430]LogTexture:Display: 正在构建贴图: ThumbnailTexture (DXT1)
[2016.12.12-15.23.24:521][430]LogTexture:Display: 正在构建贴图: HQ_Lightmap0_1 (AutoDXT)
[2016.12.12-15.23.24:529][430]LogTexture:Display: 正在构建贴图: HQ_Lightmap0_3 (AutoDXT)
[2016.12.12-15.23.24:539][430]LogTexture:Display: 正在构建贴图: HQ_Lightmap1_2 (AutoDXT)
[2016.12.12-15.23.24:552][430]LogTexture:Display: 正在构建贴图: LQ_Lightmap_0_1 (DXT1)
[2016.12.12-15.23.24:557][430]LogTexture:Display: 正在构建贴图: LQ_Lightmap_0_3 (DXT1)
[2016.12.12-15.23.24:562][430]LogTexture:Display: 正在构建贴图: LQ_Lightmap_1_2 (DXT1)
[2016.12.12-15.23.24:568][430]LogMaterial: Missing cached shader map for material EnergyGlow, compiling. 
[2016.12.12-15.23.24:595][430]LogTexture:Display: 正在构建贴图: ShadowMapTexture2D_6 (BGRA8)
[2016.12.12-15.23.24:596][430]LogTexture:Display: 正在构建贴图: ShadowMapTexture2D_7 (BGRA8)
[2016.12.12-15.23.24:598][430]LogTexture:Display: 正在构建贴图: ShadowMapTexture2D_8 (BGRA8)
[2016.12.12-15.23.24:604][430]LogStaticMesh: 正在构建静态网格物体EnemyShot...
[2016.12.12-15.23.24:607][430]LogStaticMesh: Built static mesh [0.00s] /Game/BeamsAndLazers/Models/EnemyShot.EnemyShot
[2016.12.12-15.23.24:617][430]LogMaterial: Missing cached shader map for material LongBolt_M, compiling. 
[2016.12.12-15.23.24:636][430]LogAIModule: Creating AISystem for world OverView
[2016.12.12-15.23.24:670][430]Cmd: MAP LOAD FILE="E:/_Unreal4_Project/BeamsandLasersPack/Content/BeamsAndLazers/Maps/OverView.umap" TEMPLATE=0 SHOWPROGRESS=1 FEATURELEVEL=3
[2016.12.12-15.23.24:670][430]LightingResults: New page: 光照构建
[2016.12.12-15.23.24:671][430]LoadErrors: New page: 正在加载地图： OverView.umap
[2016.12.12-15.23.24:671][430]MapCheck: New page: 地图检测
[2016.12.12-15.23.24:671][430]LightingResults: New page: 光照构建
[2016.12.12-15.23.24:684][430]LogEditorServer: Finished looking for orphan Actors (0.000 secs)
[2016.12.12-15.23.24:698][430]Cmd: MAP CHECKDEP NOCLEARLOG
[2016.12.12-15.23.24:740][430]MapCheck: 信息 地图检测完成：0个错误，0 个警告，用时42.587毫秒完成。
[2016.12.12-15.23.24:741][430]LogFileHelpers: Loading map 'OverView' took 0.071
[2016.12.12-15.23.31:949][280]LogEditorViewport: Clicking on Actor (LMB): StaticMeshActor (Floor)
[2016.12.12-15.23.49:216][242]LogBlueprintUserMessages: Early PlayInEditor Detection: Level '/Game/BeamsAndLazers/Maps/OverView.OverView:PersistentLevel' has LevelScriptBlueprint '/Game/BeamsAndLazers/Maps/OverView.OverView:PersistentLevel.OverView' with GeneratedClass '/Game/BeamsAndLazers/Maps/OverView.OverView_C' with ClassGeneratedBy '/Game/BeamsAndLazers/Maps/OverView.OverView:PersistentLevel.OverView'
[2016.12.12-15.23.49:218][242]LogPlayLevel: PlayLevel: No blueprints needed recompiling
[2016.12.12-15.23.49:219][242]PIE: New page: PIE会话: OverView (2016年12月13日 上午7:23:49)
[2016.12.12-15.23.49:219][242]LogPlayLevel: Creating play world package: /Game/BeamsAndLazers/Maps/UEDPIE_0_OverView
[2016.12.12-15.23.49:221][242]LogPlayLevel: PIE: StaticDuplicateObject took: (0.001891s)
[2016.12.12-15.23.49:221][242]LogAIModule: Creating AISystem for world OverView
[2016.12.12-15.23.49:221][242]LogPlayLevel: PIE: World Init took: (0.000586s)
[2016.12.12-15.23.49:221][242]LogPlayLevel: PIE: Created PIE world by copying editor world from /Game/BeamsAndLazers/Maps/OverView.OverView to /Game/BeamsAndLazers/Maps/UEDPIE_0_OverView.OverView (0.002747s)
[2016.12.12-15.23.49:240][242]LogInit: XAudio2 using '扬声器 (Realtek High Definition Audio)' : 2 channels at 48 kHz using 32 bits per sample (channel mask 0x3)
[2016.12.12-15.23.49:250][242]LogInit: FAudioDevice initialized.
[2016.12.12-15.23.49:307][242]LogWorld: Game class is 'GameMode'
[2016.12.12-15.23.49:309][242]LogWorld: Bringing World /Game/BeamsAndLazers/Maps/UEDPIE_0_OverView.OverView up for play (max tick rate 0) at 2016.12.12-23.23.49
[2016.12.12-15.23.49:310][242]LogWorld: Bringing up level for play took: 0.001917
[2016.12.12-15.23.49:315][242]LogContentBrowser: Native class hierarchy updated for 'MovieSceneCapture' in 0.0003 seconds. Added 11 classes and 0 folders.
[2016.12.12-15.23.49:329][242]PIE: 信息 /Game/BeamsAndLazers/Maps/UEDPIE_0_OverView的‘在编辑器中播放’的起始时间-0.504
[2016.12.12-15.23.49:329][242]LogBlueprintUserMessages: Late PlayInEditor Detection: Level '/Game/BeamsAndLazers/Maps/OverView.OverView:PersistentLevel' has LevelScriptBlueprint '/Game/BeamsAndLazers/Maps/OverView.OverView:PersistentLevel.OverView' with GeneratedClass '/Game/BeamsAndLazers/Maps/OverView.OverView_C' with ClassGeneratedBy '/Game/BeamsAndLazers/Maps/OverView.OverView:PersistentLevel.OverView'
[2016.12.12-15.23.57:375][736]LogSpawn:Warning: SpawnActor failed because of collision at the spawn location [X=-4710.000 Y=-340.000 Z=170.000] for [Crystal_Proj_BP_C]
[2016.12.12-15.24.01:130][956]LogBlueprintUserMessages: Early EndPlayMap Detection: Level '/Game/BeamsAndLazers/Maps/OverView.OverView:PersistentLevel' has LevelScriptBlueprint '/Game/BeamsAndLazers/Maps/OverView.OverView:PersistentLevel.OverView' with GeneratedClass '/Game/BeamsAndLazers/Maps/OverView.OverView_C' with ClassGeneratedBy '/Game/BeamsAndLazers/Maps/OverView.OverView:PersistentLevel.OverView'
[2016.12.12-15.24.01:191][956]LogBlueprintUserMessages: Late EndPlayMap Detection: Level '/Game/BeamsAndLazers/Maps/OverView.OverView:PersistentLevel' has LevelScriptBlueprint '/Game/BeamsAndLazers/Maps/OverView.OverView:PersistentLevel.OverView' with GeneratedClass '/Game/BeamsAndLazers/Maps/OverView.OverView_C' with ClassGeneratedBy '/Game/BeamsAndLazers/Maps/OverView.OverView:PersistentLevel.OverView'
[2016.12.12-15.24.06:345][561]LogWindowsTextInputMethodSystem:Display: IME system now activated using TSF (QQ拼音Win8版).
[2016.12.12-15.24.06:358][561]LogWindowsTextInputMethodSystem:Display: IME system now activated using TSF (QQ拼音Win8版).
[2016.12.12-15.24.06:523][562]Cmd: QUIT_EDITOR
[2016.12.12-15.24.06:826][562]LogExit: Preparing to exit.
[2016.12.12-15.24.07:476][562]LogExit: Editor shut down
[2016.12.12-15.24.07:477][562]LogExit: Transaction tracking system shut down
[2016.12.12-15.24.07:719][562]LogObj: Freed 0b from 0 cluster array pools.
[2016.12.12-15.24.07:719][562]LogExit: Object subsystem successfully closed.
[2016.12.12-15.24.07:740][562]LogD3D11RHI: Shutdown
[2016.12.12-15.24.07:740][562]LogD3D11RHI: CleanupD3DDevice
[2016.12.12-15.24.07:825][562]LogD3D11RHI: ~FD3D11DynamicRHI
[2016.12.12-15.24.07:840][562]LogModuleManager: Shutting down and abandoning module MovieSceneCapture (211)
[2016.12.12-15.24.07:840][562]LogModuleManager: Shutting down and abandoning module HierarchicalLODOutliner (210)
[2016.12.12-15.24.07:840][562]LogModuleManager: Shutting down and abandoning module CrashTracker (209)
[2016.12.12-15.24.07:840][562]LogModuleManager: Shutting down and abandoning module SceneOutliner (208)
[2016.12.12-15.24.07:840][562]LogModuleManager: Shutting down and abandoning module WidgetCarousel (207)
[2016.12.12-15.24.07:840][562]LogModuleManager: Shutting down and abandoning module AddContentDialog (206)
[2016.12.12-15.24.07:841][562]LogModuleManager: Shutting down and abandoning module GameplayTags (205)
[2016.12.12-15.24.07:841][562]LogModuleManager: Shutting down and abandoning module EditorWidgets (204)
[2016.12.12-15.24.07:841][562]LogModuleManager: Shutting down and abandoning module CollectionManager (203)
[2016.12.12-15.24.07:841][562]LogModuleManager: Shutting down and abandoning module StatsViewer (202)
[2016.12.12-15.24.07:841][562]LogModuleManager: Shutting down and abandoning module FoliageEdit (201)
[2016.12.12-15.24.07:841][562]LogModuleManager: Shutting down and abandoning module LandscapeEditor (200)
[2016.12.12-15.24.07:842][562]LogModuleManager: Shutting down and abandoning module SceneDepthPickerMode (199)
[2016.12.12-15.24.07:842][562]LogModuleManager: Shutting down and abandoning module ActorPickerMode (198)
[2016.12.12-15.24.07:842][562]LogModuleManager: Shutting down and abandoning module GeometryMode (197)
[2016.12.12-15.24.07:842][562]LogModuleManager: Shutting down and abandoning module TextureAlignMode (196)
[2016.12.12-15.24.07:842][562]LogModuleManager: Shutting down and abandoning module BspMode (195)
[2016.12.12-15.24.07:842][562]LogModuleManager: Shutting down and abandoning module SequenceRecorderSections (194)
[2016.12.12-15.24.07:842][562]LogModuleManager: Shutting down and abandoning module SequenceRecorder (193)
[2016.12.12-15.24.07:842][562]LogModuleManager: Shutting down and abandoning module AutomationWorker (192)
[2016.12.12-15.24.07:842][562]LogModuleManager: Shutting down and abandoning module MatineeToLevelSequence (191)
[2016.12.12-15.24.07:842][562]LogModuleManager: Shutting down and abandoning module PlacementMode (190)
[2016.12.12-15.24.07:842][562]LogModuleManager: Shutting down and abandoning module LevelSequenceEditor (189)
[2016.12.12-15.24.07:842][562]LogModuleManager: Shutting down and abandoning module CharacterAI (188)
[2016.12.12-15.24.07:842][562]LogModuleManager: Shutting down and abandoning module SmartSnapping (187)
[2016.12.12-15.24.07:842][562]LogModuleManager: Shutting down and abandoning module SessionServices (186)
[2016.12.12-15.24.07:842][562]LogModuleManager: Shutting down and abandoning module ViewportSnapping (185)
[2016.12.12-15.24.07:842][562]LogModuleManager: Shutting down and abandoning module LogVisualizer (184)
[2016.12.12-15.24.07:842][562]LogModuleManager: Shutting down and abandoning module GameProjectGeneration (183)
[2016.12.12-15.24.07:842][562]LogModuleManager: Shutting down and abandoning module IntroTutorials (182)
[2016.12.12-15.24.07:842][562]LogModuleManager: Shutting down and abandoning module EditorLiveStreaming (181)
[2016.12.12-15.24.07:842][562]LogModuleManager: Shutting down and abandoning module IOSPlatformEditor (180)
[2016.12.12-15.24.07:842][562]LogModuleManager: Shutting down and abandoning module HTML5PlatformEditor (179)
[2016.12.12-15.24.07:842][562]LogModuleManager: Shutting down and abandoning module AndroidDeviceDetection (178)
[2016.12.12-15.24.08:073][562]LogModuleManager: Shutting down and abandoning module AndroidPlatformEditor (177)
[2016.12.12-15.24.08:073][562]LogModuleManager: Shutting down and abandoning module IOSRuntimeSettings (176)
[2016.12.12-15.24.08:073][562]LogModuleManager: Shutting down and abandoning module AndroidRuntimeSettings (175)
[2016.12.12-15.24.08:073][562]LogModuleManager: Shutting down and abandoning module MergeActors (174)
[2016.12.12-15.24.08:073][562]LogModuleManager: Shutting down and abandoning module SizeMap (173)
[2016.12.12-15.24.08:073][562]LogModuleManager: Shutting down and abandoning module TreeMap (172)
[2016.12.12-15.24.08:073][562]LogModuleManager: Shutting down and abandoning module ReferenceViewer (171)
[2016.12.12-15.24.08:073][562]LogModuleManager: Shutting down and abandoning module LocalizationService (170)
[2016.12.12-15.24.08:073][562]LogModuleManager: Shutting down and abandoning module LocalizationDashboard (169)
[2016.12.12-15.24.08:073][562]LogModuleManager: Shutting down and abandoning module HardwareTargeting (168)
[2016.12.12-15.24.08:073][562]LogModuleManager: Shutting down and abandoning module DeviceProfileEditor (167)
[2016.12.12-15.24.08:073][562]LogModuleManager: Shutting down and abandoning module UndoHistory (166)
[2016.12.12-15.24.08:073][562]LogModuleManager: Shutting down and abandoning module UserFeedback (165)
[2016.12.12-15.24.08:073][562]LogModuleManager: Shutting down and abandoning module XmlParser (164)
[2016.12.12-15.24.08:073][562]LogModuleManager: Shutting down and abandoning module Blutility (163)
[2016.12.12-15.24.08:073][562]LogModuleManager: Shutting down and abandoning module ProjectTargetPlatformEditor (162)
[2016.12.12-15.24.08:074][562]LogModuleManager: Shutting down and abandoning module ProjectSettingsViewer (161)
[2016.12.12-15.24.08:074][562]LogModuleManager: Shutting down and abandoning module InputBindingEditor (160)
[2016.12.12-15.24.08:074][562]LogModuleManager: Shutting down and abandoning module EditorSettingsViewer (159)
[2016.12.12-15.24.08:074][562]LogModuleManager: Shutting down and abandoning module SettingsEditor (158)
[2016.12.12-15.24.08:074][562]LogModuleManager: Shutting down and abandoning module ProjectLauncher (157)
[2016.12.12-15.24.08:074][562]LogModuleManager: Shutting down and abandoning module SessionFrontend (156)
[2016.12.12-15.24.08:074][562]LogModuleManager: Shutting down and abandoning module ProfilerClient (155)
[2016.12.12-15.24.08:074][562]LogModuleManager: Shutting down and abandoning module TargetDeviceServices (154)
[2016.12.12-15.24.08:074][562]LogModuleManager: Shutting down and abandoning module DeviceManager (153)
[2016.12.12-15.24.08:118][562]LogModuleManager: Shutting down and abandoning module AutomationController (152)
[2016.12.12-15.24.08:118][562]LogModuleManager: Shutting down and abandoning module AutomationWindow (151)
[2016.12.12-15.24.08:118][562]LogModuleManager: Shutting down and abandoning module Layers (150)
[2016.12.12-15.24.08:118][562]LogModuleManager: Shutting down and abandoning module ComponentVisualizers (149)
[2016.12.12-15.24.08:118][562]LogModuleManager: Shutting down and abandoning module DetailCustomizations (148)
[2016.12.12-15.24.08:118][562]LogModuleManager: Shutting down and abandoning module PackagesDialog (147)
[2016.12.12-15.24.08:118][562]LogModuleManager: Shutting down and abandoning module Persona (146)
[2016.12.12-15.24.08:118][562]LogModuleManager: Shutting down and abandoning module Kismet (145)
[2016.12.12-15.24.08:119][562]LogModuleManager: Shutting down and abandoning module GraphEditor (144)
[2016.12.12-15.24.08:119][562]LogModuleManager: Shutting down and abandoning module ClassViewer (143)
[2016.12.12-15.24.08:119][562]LogModuleManager: Shutting down and abandoning module Toolbox (142)
[2016.12.12-15.24.08:119][562]LogModuleManager: Shutting down and abandoning module ModuleUI (141)
[2016.12.12-15.24.08:119][562]LogModuleManager: Shutting down and abandoning module MovieSceneTools (140)
[2016.12.12-15.24.08:119][562]LogModuleManager: Shutting down and abandoning module OutputLog (139)
[2016.12.12-15.24.08:119][562]LogModuleManager: Shutting down and abandoning module GammaUI (138)
[2016.12.12-15.24.08:119][562]LogModuleManager: Shutting down and abandoning module Documentation (137)
[2016.12.12-15.24.08:119][562]LogModuleManager: Shutting down and abandoning module StreamingPauseRendering (136)
[2016.12.12-15.24.08:119][562]LogModuleManager: Shutting down and abandoning module PortalServices (135)
[2016.12.12-15.24.08:119][562]LogModuleManager: Shutting down and abandoning module PortalRpc (134)
[2016.12.12-15.24.08:119][562]LogModuleManager: Shutting down and abandoning module MessagingRpc (133)
[2016.12.12-15.24.08:119][562]LogModuleManager: Shutting down and abandoning module GameplayDebugger (132)
[2016.12.12-15.24.08:119][562]LogModuleManager: Shutting down and abandoning module AITestSuite (131)
[2016.12.12-15.24.08:119][562]LogModuleManager: Shutting down and abandoning module AIModule (130)
[2016.12.12-15.24.08:119][562]LogModuleManager: Shutting down and abandoning module ProfilerService (129)
[2016.12.12-15.24.08:260][562]LogModuleManager: Shutting down and abandoning module TaskGraph (128)
[2016.12.12-15.24.08:260][562]LogModuleManager: Shutting down and abandoning module SlateRemote (127)
[2016.12.12-15.24.08:260][562]LogModuleManager: Shutting down and abandoning module SteamVRController (126)
[2016.12.12-15.24.08:260][562]LogModuleManager: Shutting down and abandoning module SteamVR (125)
[2016.12.12-15.24.08:260][562]LogModuleManager: Shutting down and abandoning module ProceduralMeshComponent (124)
[2016.12.12-15.24.08:260][562]LogModuleManager: Shutting down and abandoning module OculusLibrary (123)
[2016.12.12-15.24.08:260][562]LogModuleManager: Shutting down and abandoning module OculusInput (122)
[2016.12.12-15.24.08:260][562]LogModuleManager: Shutting down and abandoning module CustomMeshComponent (121)
[2016.12.12-15.24.08:260][562]LogModuleManager: Shutting down and abandoning module CableComponent (120)
[2016.12.12-15.24.08:261][562]LogModuleManager: Shutting down and abandoning module ArchVisCharacter (119)
[2016.12.12-15.24.08:261][562]LogModuleManager: Shutting down and abandoning module MediaPlayerEditor (118)
[2016.12.12-15.24.08:261][562]LogModuleManager: Shutting down and abandoning module HTML5Networking (117)
[2016.12.12-15.24.08:261][562]LogModuleManager: Shutting down and abandoning module SuperSearch (116)
[2016.12.12-15.24.08:261][562]LogModuleManager: Shutting down and abandoning module SuperSearchEditor (115)
[2016.12.12-15.24.08:261][562]LogModuleManager: Shutting down and abandoning module SpeedTreeImporter (114)
[2016.12.12-15.24.08:261][562]LogModuleManager: Shutting down and abandoning module PluginBrowser (113)
[2016.12.12-15.24.08:261][562]LogModuleManager: Shutting down and abandoning module EpicSurvey (112)
[2016.12.12-15.24.08:261][562]LogModuleManager: Shutting down and abandoning module DesktopPlatform (111)
[2016.12.12-15.24.08:261][562]LogModuleManager: Shutting down and abandoning module VisualStudioSourceCodeAccess (110)
[2016.12.12-15.24.08:261][562]LogModuleManager: Shutting down and abandoning module UObjectPlugin (109)
[2016.12.12-15.24.08:261][562]LogModuleManager: Shutting down and abandoning module SubversionSourceControl (108)
[2016.12.12-15.24.08:261][562]LogModuleManager: Shutting down and abandoning module PerforceSourceControl (107)
[2016.12.12-15.24.08:261][562]LogModuleManager: Shutting down and abandoning module SourceControl (106)
[2016.12.12-15.24.08:261][562]LogModuleManager: Shutting down and abandoning module GitSourceControl (105)
[2016.12.12-15.24.08:262][562]LogModuleManager: Shutting down and abandoning module LightPropagationVolumeEditor (104)
[2016.12.12-15.24.08:262][562]LogModuleManager: Shutting down and abandoning module PaperTiledImporter (103)
[2016.12.12-15.24.08:262][562]LogModuleManager: Shutting down and abandoning module PaperSpriteSheetImporter (102)
[2016.12.12-15.24.08:262][562]LogModuleManager: Shutting down and abandoning module MeshPaint (101)
[2016.12.12-15.24.08:262][562]LogModuleManager: Shutting down and abandoning module PixelInspectorModule (100)
[2016.12.12-15.24.08:262][562]LogModuleManager: Shutting down and abandoning module HotReload (99)
[2016.12.12-15.24.08:264][562]LogModuleManager: Shutting down and abandoning module MainFrame (98)
[2016.12.12-15.24.08:264][562]LogModuleManager: Shutting down and abandoning module LevelEditor (97)
[2016.12.12-15.24.08:266][562]LogModuleManager: Shutting down and abandoning module ContentBrowser (96)
[2016.12.12-15.24.08:268][562]LogModuleManager: Shutting down and abandoning module Paper2DEditor (95)
[2016.12.12-15.24.08:269][562]LogModuleManager: Shutting down and abandoning module UdpMessaging (94)
[2016.12.12-15.24.08:369][562]LogModuleManager: Shutting down and abandoning module LightPropagationVolumeRuntime (93)
[2016.12.12-15.24.08:369][562]LogModuleManager: Shutting down and abandoning module Paper2D (92)
[2016.12.12-15.24.08:369][562]LogModuleManager: Shutting down and abandoning module WindowsMoviePlayer (91)
[2016.12.12-15.24.08:369][562]LogModuleManager: Shutting down and abandoning module Media (90)
[2016.12.12-15.24.08:369][562]LogModuleManager: Shutting down and abandoning module WmfMedia (89)
[2016.12.12-15.24.08:370][562]LogModuleManager: Shutting down and abandoning module MediaAssets (88)
[2016.12.12-15.24.08:370][562]LogModuleManager: Shutting down and abandoning module GameLiveStreaming (87)
[2016.12.12-15.24.08:370][562]LogModuleManager: Shutting down and abandoning module GameplayTagsEditor (86)
[2016.12.12-15.24.08:370][562]LogModuleManager: Shutting down and abandoning module OnlineBlueprintSupport (85)
[2016.12.12-15.24.08:370][562]LogModuleManager: Shutting down and abandoning module VREditor (84)
[2016.12.12-15.24.08:370][562]LogModuleManager: Shutting down and abandoning module GameplayTasksEditor (83)
[2016.12.12-15.24.08:370][562]LogModuleManager: Shutting down and abandoning module PropertyEditor (82)
[2016.12.12-15.24.08:370][562]LogModuleManager: Shutting down and abandoning module BehaviorTreeEditor (81)
[2016.12.12-15.24.08:370][562]LogModuleManager: Shutting down and abandoning module FunctionalTesting (80)
[2016.12.12-15.24.08:370][562]LogModuleManager: Shutting down and abandoning module CollisionAnalyzer (79)
[2016.12.12-15.24.08:370][562]LogModuleManager: Shutting down and abandoning module Sequencer (78)
[2016.12.12-15.24.08:370][562]LogModuleManager: Shutting down and abandoning module WorkspaceMenuStructure (77)
[2016.12.12-15.24.08:371][562]LogModuleManager: Shutting down and abandoning module MessageLog (76)
[2016.12.12-15.24.08:371][562]LogModuleManager: Shutting down and abandoning module AssetTools (75)
[2016.12.12-15.24.08:371][562]LogModuleManager: Shutting down and abandoning module UMGEditor (74)
[2016.12.12-15.24.08:371][562]LogModuleManager: Shutting down and abandoning module UMG (73)
[2016.12.12-15.24.08:371][562]LogModuleManager: Shutting down and abandoning module SlateReflector (72)
[2016.12.12-15.24.08:371][562]LogModuleManager: Shutting down and abandoning module Slate (71)
[2016.12.12-15.24.08:371][562]LogModuleManager: Shutting down and abandoning module EditorStyle (70)
[2016.12.12-15.24.08:380][562]LogModuleManager: Shutting down and abandoning module SourceCodeAccess (69)
[2016.12.12-15.24.08:381][562]LogModuleManager: Shutting down and abandoning module HeadMountedDisplay (68)
[2016.12.12-15.24.08:381][562]LogModuleManager: Shutting down and abandoning module XAudio2 (67)
[2016.12.12-15.24.08:381][562]LogModuleManager: Shutting down and abandoning module Networking (65)
[2016.12.12-15.24.08:381][562]LogModuleManager: Shutting down and abandoning module Core (64)
[2016.12.12-15.24.08:381][562]LogModuleManager: Shutting down and abandoning module DirectoryWatcher (63)
[2016.12.12-15.24.08:382][562]LogModuleManager: Shutting down and abandoning module AssetRegistry (62)
[2016.12.12-15.24.08:526][562]LogModuleManager: Shutting down and abandoning module KismetCompiler (61)
[2016.12.12-15.24.08:526][562]LogModuleManager: Shutting down and abandoning module PhysXFormats (60)
[2016.12.12-15.24.08:526][562]LogModuleManager: Shutting down and abandoning module MeshUtilities (59)
[2016.12.12-15.24.08:526][562]LogModuleManager: Shutting down and abandoning module DerivedDataCache (58)
[2016.12.12-15.24.08:644][562]LogDerivedDataCache: Shutdown
[2016.12.12-15.24.08:644][562]LogModuleManager: Shutting down and abandoning module VulkanShaderFormat (57)
[2016.12.12-15.24.08:644][562]LogModuleManager: Shutting down and abandoning module ShaderFormatOpenGL (56)
[2016.12.12-15.24.08:644][562]LogModuleManager: Shutting down and abandoning module ShaderFormatD3D (55)
[2016.12.12-15.24.08:644][562]LogModuleManager: Shutting down and abandoning module MetalShaderFormat (54)
[2016.12.12-15.24.08:644][562]LogModuleManager: Shutting down and abandoning module TextureFormatUncompressed (53)
[2016.12.12-15.24.08:644][562]LogModuleManager: Shutting down and abandoning module TextureFormatPVR (52)
[2016.12.12-15.24.08:645][562]LogModuleManager: Shutting down and abandoning module TextureFormatIntelISPCTexComp (51)
[2016.12.12-15.24.08:645][562]LogModuleManager: Shutting down and abandoning module TextureFormatDXT (50)
[2016.12.12-15.24.08:645][562]LogModuleManager: Shutting down and abandoning module ImageWrapper (49)
[2016.12.12-15.24.08:645][562]LogModuleManager: Shutting down and abandoning module TextureFormatASTC (48)
[2016.12.12-15.24.08:645][562]LogModuleManager: Shutting down and abandoning module TextureFormatAndroid (47)
[2016.12.12-15.24.08:645][562]LogModuleManager: Shutting down and abandoning module AudioFormatOpus (46)
[2016.12.12-15.24.08:645][562]LogModuleManager: Shutting down and abandoning module AudioFormatOgg (45)
[2016.12.12-15.24.08:645][562]LogModuleManager: Shutting down and abandoning module AudioFormatADPCM (44)
[2016.12.12-15.24.08:645][562]LogModuleManager: Shutting down and abandoning module LinuxTargetPlatform (43)
[2016.12.12-15.24.08:645][562]LogModuleManager: Shutting down and abandoning module LinuxServerTargetPlatform (42)
[2016.12.12-15.24.08:645][562]LogModuleManager: Shutting down and abandoning module LinuxNoEditorTargetPlatform (41)
[2016.12.12-15.24.08:645][562]LogModuleManager: Shutting down and abandoning module TVOSTargetPlatform (40)
[2016.12.12-15.24.08:646][562]LogModuleManager: Shutting down and abandoning module Messaging (39)
[2016.12.12-15.24.08:646][562]LogModuleManager: Shutting down and abandoning module IOSTargetPlatform (38)
[2016.12.12-15.24.08:646][562]LogModuleManager: Shutting down and abandoning module HTML5TargetPlatform (37)
[2016.12.12-15.24.08:646][562]LogModuleManager: Shutting down and abandoning module Android_PVRTCTargetPlatform (36)
[2016.12.12-15.24.08:646][562]LogModuleManager: Shutting down and abandoning module Android_MultiTargetPlatform (35)
[2016.12.12-15.24.08:646][562]LogModuleManager: Shutting down and abandoning module Android_ETC2TargetPlatform (34)
[2016.12.12-15.24.08:646][562]LogModuleManager: Shutting down and abandoning module Android_ETC1TargetPlatform (33)
[2016.12.12-15.24.08:646][562]LogModuleManager: Shutting down and abandoning module Android_DXTTargetPlatform (32)
[2016.12.12-15.24.08:646][562]LogModuleManager: Shutting down and abandoning module Android_ATCTargetPlatform (31)
[2016.12.12-15.24.08:646][562]LogModuleManager: Shutting down and abandoning module Android_ASTCTargetPlatform (30)
[2016.12.12-15.24.08:646][562]LogModuleManager: Shutting down and abandoning module AndroidTargetPlatform (29)
[2016.12.12-15.24.08:646][562]LogModuleManager: Shutting down and abandoning module WindowsTargetPlatform (28)
[2016.12.12-15.24.08:646][562]LogModuleManager: Shutting down and abandoning module WindowsServerTargetPlatform (27)
[2016.12.12-15.24.08:646][562]LogModuleManager: Shutting down and abandoning module WindowsNoEditorTargetPlatform (26)
[2016.12.12-15.24.08:646][562]LogModuleManager: Shutting down and abandoning module WindowsClientTargetPlatform (25)
[2016.12.12-15.24.08:646][562]LogModuleManager: Shutting down and abandoning module AllDesktopTargetPlatform (24)
[2016.12.12-15.24.08:646][562]LogModuleManager: Shutting down and abandoning module TargetPlatform (23)
[2016.12.12-15.24.08:646][562]LogModuleManager: Shutting down and abandoning module InputCore (22)
[2016.12.12-15.24.08:646][562]LogModuleManager: Shutting down and abandoning module Settings (21)
[2016.12.12-15.24.08:646][562]LogModuleManager: Shutting down and abandoning module OnlineSubsystem (19)
[2016.12.12-15.24.08:646][562]LogModuleManager: Shutting down and abandoning module HTTP (18)
[2016.12.12-15.24.08:647][562]LogModuleManager: Shutting down and abandoning module XMPP (17)
[2016.12.12-15.24.08:647][562]LogModuleManager: Shutting down and abandoning module OculusRift (16)
[2016.12.12-15.24.08:647][562]LogModuleManager: Shutting down and abandoning module ExampleDeviceProfileSelector (15)
[2016.12.12-15.24.08:647][562]LogModuleManager: Shutting down and abandoning module TextureCompressor (14)
[2016.12.12-15.24.08:647][562]LogModuleManager: Shutting down and abandoning module ShaderCore (13)
[2016.12.12-15.24.08:647][562]LogModuleManager: Shutting down and abandoning module Landscape (12)
[2016.12.12-15.24.08:647][562]LogModuleManager: Shutting down and abandoning module SlateRHIRenderer (11)
[2016.12.12-15.24.08:651][562]LogModuleManager: Shutting down and abandoning module OpenGLDrv (10)
[2016.12.12-15.24.08:651][562]LogModuleManager: Shutting down and abandoning module D3D11RHI (9)
[2016.12.12-15.24.08:651][562]LogModuleManager: Shutting down and abandoning module AnimGraphRuntime (8)
[2016.12.12-15.24.08:652][562]LogModuleManager: Shutting down and abandoning module Renderer (7)
[2016.12.12-15.24.08:652][562]LogModuleManager: Shutting down and abandoning module Engine (6)
[2016.12.12-15.24.08:652][562]LogModuleManager: Shutting down and abandoning module CoreUObject (5)
[2016.12.12-15.24.08:652][562]LogModuleManager: Shutting down and abandoning module NetworkFile (4)
[2016.12.12-15.24.08:652][562]LogModuleManager: Shutting down and abandoning module StreamingFile (3)
[2016.12.12-15.24.08:652][562]LogModuleManager: Shutting down and abandoning module SandboxFile (2)
[2016.12.12-15.24.08:652][562]LogModuleManager: Shutting down and abandoning module PakFile (1)
[2016.12.12-15.24.08:656][562]LogExit: Exiting.
[2016.12.12-15.24.08:683][562]Log file closed, 12/12/16 23:24:08
