Log file open, 12/12/16 23:21:52
LogInit:Display: Running engine for game: BeamsandLasersPack
LogPlatformFile: Not using cached read wrapper
LogInit:Display: RandInit(23116363) SRandInit(23116364).
LogTaskGraph: Started task graph with 4 named threads and 7 total threads with 1 sets of task threads.
LogStats: Stats thread started at 0.076034
LogInit: Version: 4.12.5-3039270+++UE4+Release-4.12
LogInit: API Version: 2992821
LogInit: Net Version: 3039270
LogDevObjectVersion: Number of dev versions registered: 13
LogDevObjectVersion:   Dev-Blueprints (B0D832E4-1F89-4F0D-ACCF-7EB736FD4AA2): 3
LogDevObjectVersion:   Dev-Build (E1C64328-A22C-4D53-A36C-8E866417BD8C): 0
LogDevObjectVersion:   Dev-Core (375EC13C-06E4-48FB-B500-84F0262A717E): 1
LogDevObjectVersion:   Dev-Editor (E4B068ED-F494-42E9-A231-DA0B2E46BB41): 2
LogDevObjectVersion:   Dev-Framework (CFFC743F-43B0-4480-9391-14DF171D2073): 6
LogDevObjectVersion:   Dev-Mobile (B02B49B5-BB20-44E9-A304-32B752E40360): 0
LogDevObjectVersion:   Dev-Networking (A4E4105C-59A1-49B5-A7C5-40C4547EDFEE): 0
LogDevObjectVersion:   Dev-Online (39C831C9-5AE6-47DC-9A44-9C173E1C8E7C): 0
LogDevObjectVersion:   Dev-Physics (78F01B33-EBEA-4F98-B9B4-84EACCB95AA2): 0
LogDevObjectVersion:   Dev-Platform (6631380F-2D4D-43E0-8009-CF276956A95A): 0
LogDevObjectVersion:   Dev-Rendering (12F88B9F-8875-4AFC-A67C-D90C383ABD29): 2
LogDevObjectVersion:   Dev-Sequencer (7B5AE74C-D270-4C10-A958-57980B212A5A): 0
LogDevObjectVersion:   Dev-VR (D7296918-1DD6-4BDD-9DE2-64A83CC13884): 0
LogInit: Compiled (64-bit): Jul  6 2016 09:09:46
LogInit: Compiled with Visual C++: 19.00.23026.00
LogInit: Build Configuration: Development
LogInit: Branch Name: ++UE4+Release-4.12
LogInit: Command line: -EpicPortal 
LogInit: Base directory: C:/Program Files (x86)/Epic Games/4.12/Engine/Binaries/Win64/
LogInit: Installed Engine Build: 1
LogInit: Using libcurl 7.41.0
LogInit:  - built for x86_64-pc-win32
LogInit:  - supports SSL with WinSSL
LogInit:  - other features:
LogInit:      CURL_VERSION_SSL
LogInit:      CURL_VERSION_IPV6
LogInit:      CURL_VERSION_ASYNCHDNS
LogInit:      CURL_VERSION_LARGEFILE
LogInit:      CURL_VERSION_IDN
LogInit:  CurlRequestOptions (configurable via config and command line):
LogInit:  - bVerifyPeer = true  - Libcurl will verify peer certificate
LogInit:  - bUseHttpProxy = false  - Libcurl will NOT use HTTP proxy
LogInit:  - bDontReuseConnections = false  - Libcurl will reuse connections
LogInit:  - CertBundlePath = nullptr  - Libcurl will use whatever was configured at build time.
LogInit: Presizing for max 8388607 objects, including 0 objects not considered by GC, pre-allocating 0 bytes for permanent pool.
LogInit: Object subsystem initialized
[2016.12.12-15.21.52:538][  0]LogInit: Selected Device Profile: [Windows]
[2016.12.12-15.21.52:538][  0]LogInit: Applying CVar settings loaded from the selected device profile: [Windows]
[2016.12.12-15.21.52:544][  0]LogInit: Computer: DESKTOP-H6UJHAM
[2016.12.12-15.21.52:544][  0]LogInit: User: YangHongpeng
[2016.12.12-15.21.52:544][  0]LogInit: CPU Page size=65536, Cores=4
[2016.12.12-15.21.52:544][  0]LogInit: High frequency timer resolution =3.906245 MHz
[2016.12.12-15.21.52:544][  0]LogMemory: Memory total: Physical=15.9GB (16GB approx)
[2016.12.12-15.21.52:544][  0]LogMemory: Platform Memory Stats for Windows
[2016.12.12-15.21.52:544][  0]LogMemory: Process Physical Memory: 190.63 MB used, 190.63 MB peak
[2016.12.12-15.21.52:544][  0]LogMemory: Process Virtual Memory: 195.14 MB used, 195.14 MB peak
[2016.12.12-15.21.52:544][  0]LogMemory: Physical Memory: 4725.00 MB used, 16326.48 MB total
[2016.12.12-15.21.52:544][  0]LogMemory: Virtual Memory: 552.82 MB used, 134217728.00 MB total
[2016.12.12-15.21.52:615][  0]LogTextLocalizationManager:Warning: Loaded localization resources contain conflicting entries for (Namespace:K2Node, Key:Target):
Localization Resource: (C:/Program Files (x86)/Epic Games/4.12/Engine/Content/Localization/EditorTutorials/zh-CN/EditorTutorials.locres) Source String Hash: (-1589014459) Localized String: (目标)
Localization Resource: (C:/Program Files (x86)/Epic Games/4.12/Engine/Content/Localization/Engine/zh-CN/Engine.locres) Source String Hash: (-1589014459) Localized String: (对象)
[2016.12.12-15.21.52:615][  0]LogTextLocalizationManager:Warning: Loaded localization resources contain conflicting entries for (Namespace:K2Node, Key:false):
Localization Resource: (C:/Program Files (x86)/Epic Games/4.12/Engine/Content/Localization/EditorTutorials/zh-CN/EditorTutorials.locres) Source String Hash: (816077464) Localized String: (假)
Localization Resource: (C:/Program Files (x86)/Epic Games/4.12/Engine/Content/Localization/Engine/zh-CN/Engine.locres) Source String Hash: (816077464) Localized String: (错误)
[2016.12.12-15.21.52:615][  0]LogTextLocalizationManager:Warning: Loaded localization resources contain conflicting entries for (Namespace:K2Node, Key:true):
Localization Resource: (C:/Program Files (x86)/Epic Games/4.12/Engine/Content/Localization/EditorTutorials/zh-CN/EditorTutorials.locres) Source String Hash: (-942328987) Localized String: (真)
Localization Resource: (C:/Program Files (x86)/Epic Games/4.12/Engine/Content/Localization/Engine/zh-CN/Engine.locres) Source String Hash: (-942328987) Localized String: (正确)
[2016.12.12-15.21.52:615][  0]LogTextLocalizationManager:Warning: Loaded localization resources contain conflicting entries for (Namespace:UObjectToolTips, Key:AnimNode_AssetPlayerBase:InternalTimeAccumulator):
Localization Resource: (C:/Program Files (x86)/Epic Games/4.12/Engine/Content/Localization/EditorTutorials/zh-CN/EditorTutorials.locres) Source String Hash: (502993589) Localized String: (用于引用此节点中的资源的累积时间)
Localization Resource: (C:/Program Files (x86)/Epic Games/4.12/Engine/Content/Localization/Engine/zh-CN/Engine.locres) Source String Hash: (502993589) Localized String: (引用该节点中资源所用的累计时间)
[2016.12.12-15.21.52:615][  0]LogTextLocalizationManager:Warning: Loaded localization resources contain conflicting entries for (Namespace:UObjectToolTips, Key:AnimNode_AssetPlayerBase:bIgnoreForRelevancyTest):
Localization Resource: (C:/Program Files (x86)/Epic Games/4.12/Engine/Content/Localization/EditorTutorials/zh-CN/EditorTutorials.locres) Source String Hash: (319969718) Localized String: (若为真，在状态中寻找最高权重动画的“相关动画”节点将忽视 此节点)
Localization Resource: (C:/Program Files (x86)/Epic Games/4.12/Engine/Content/Localization/Engine/zh-CN/Engine.locres) Source String Hash: (319969718) Localized String: (如果为真，那么将会忽略查找最高权重动画的"相关动画"节点。
这个节点)
[2016.12.12-15.21.52:615][  0]LogTextLocalizationManager:Warning: Loaded localization resources contain conflicting entries for (Namespace:UObjectToolTips, Key:AnimNode_AssetPlayerBase:BlendWeight):
Localization Resource: (C:/Program Files (x86)/Epic Games/4.12/Engine/Content/Localization/EditorTutorials/zh-CN/EditorTutorials.locres) Source String Hash: (-1232800293) Localized String: (此节点最后交会的混合权重)
Localization Resource: (C:/Program Files (x86)/Epic Games/4.12/Engine/Content/Localization/Engine/zh-CN/Engine.locres) Source String Hash: (-1232800293) Localized String: (该节点上一次遇到的混合权重)
[2016.12.12-15.21.52:714][  0]LogD3D11RHI: D3D11 adapters:
[2016.12.12-15.21.53:172][  0]LogD3D11RHI:    0. 'NVIDIA GeForce GTX 980 Ti' (Feature Level 11_0)
[2016.12.12-15.21.53:172][  0]LogD3D11RHI:       6102/0/8163 MB DedicatedVideo/DedicatedSystem/SharedSystem, Outputs:1, VendorId:0x10de
[2016.12.12-15.21.53:173][  0]LogD3D11RHI:    1. 'Microsoft Basic Render Driver' (Feature Level 11_0)
[2016.12.12-15.21.53:173][  0]LogD3D11RHI:       0/0/8163 MB DedicatedVideo/DedicatedSystem/SharedSystem, Outputs:0, VendorId:0x1414
[2016.12.12-15.21.53:173][  0]LogD3D11RHI: Chosen D3D11 Adapter: 0
[2016.12.12-15.21.53:177][  0]LogD3D11RHI: Creating new Direct3DDevice
[2016.12.12-15.21.53:177][  0]LogD3D11RHI:     GPU DeviceId: 0x17c8 (for the marketing name, search the web for "GPU Device Id")
[2016.12.12-15.21.53:177][  0]LogWindows: EnumDisplayDevices:
[2016.12.12-15.21.53:177][  0]LogWindows:    0. 'NVIDIA GeForce GTX 980 Ti' (P:1 D:1)
[2016.12.12-15.21.53:178][  0]LogWindows:    1. 'NVIDIA GeForce GTX 980 Ti' (P:0 D:0)
[2016.12.12-15.21.53:178][  0]LogWindows:    2. 'NVIDIA GeForce GTX 980 Ti' (P:0 D:0)
[2016.12.12-15.21.53:178][  0]LogWindows:    3. 'NVIDIA GeForce GTX 980 Ti' (P:0 D:0)
[2016.12.12-15.21.53:178][  0]LogWindows: DebugString: FoundDriverCount:4 
[2016.12.12-15.21.53:178][  0]LogD3D11RHI:     Adapter Name: NVIDIA GeForce GTX 980 Ti
[2016.12.12-15.21.53:178][  0]LogD3D11RHI:   Driver Version: 376.09 (internal:21.21.13.7609, unified:376.09)
[2016.12.12-15.21.53:178][  0]LogD3D11RHI:      Driver Date: 11-24-2016
[2016.12.12-15.21.53:178][  0]LogRHI: Texture pool is 1361 MB (70% of 1945 MB)
[2016.12.12-15.21.53:601][  0]LogD3D11RHI: Async texture creation enabled
[2016.12.12-15.21.53:795][  0]LogD3D11RHI: GPU Timing Frequency: 1000.000000 (Debug: 2 1)
[2016.12.12-15.21.53:795][  0]LogShaderCompilers: Guid format shader working directory is 11 characters bigger than the processId version (E:/_Unreal4_Project/BeamsandLasersPack/Intermediate/Shaders/WorkingDirectory/5116/).
[2016.12.12-15.21.53:795][  0]LogShaderCompilers: Cleaned the shader compiler working directory 'C:/Users/YANGHO~1/AppData/Local/Temp/UnrealShaderWorkingDir/4FD2FFE14FDECA878E9E69BB90053947/'.
[2016.12.12-15.21.53:795][  0]LogShaderCompilers:Display: Using Local Shader Compiler.
[2016.12.12-15.21.55:205][  0]LogTemp:Display: Loaded TP AllDesktopTargetPlatform
[2016.12.12-15.21.55:223][  0]LogTemp:Display: Loaded TP WindowsClientTargetPlatform
[2016.12.12-15.21.55:240][  0]LogTemp:Display: Loaded TP WindowsNoEditorTargetPlatform
[2016.12.12-15.21.55:258][  0]LogTemp:Display: Loaded TP WindowsServerTargetPlatform
[2016.12.12-15.21.55:275][  0]LogTemp:Display: Loaded TP WindowsTargetPlatform
[2016.12.12-15.21.55:285][  0]LogTemp:Display: Loaded TP AndroidTargetPlatform
[2016.12.12-15.21.55:294][  0]LogTemp:Display: Loaded TP Android_ASTCTargetPlatform
[2016.12.12-15.21.55:304][  0]LogTemp:Display: Loaded TP Android_ATCTargetPlatform
[2016.12.12-15.21.55:313][  0]LogTemp:Display: Loaded TP Android_DXTTargetPlatform
[2016.12.12-15.21.55:322][  0]LogTemp:Display: Loaded TP Android_ETC1TargetPlatform
[2016.12.12-15.21.55:330][  0]LogTemp:Display: Loaded TP Android_ETC2TargetPlatform
[2016.12.12-15.21.55:345][  0]LogTemp:Display: Loaded TP Android_MultiTargetPlatform
[2016.12.12-15.21.55:345][  0]LogTemp:Display: Loaded TP Android_PVRTCTargetPlatform
[2016.12.12-15.21.55:346][  0]LogTemp:Display: Loaded TP HTML5TargetPlatform
[2016.12.12-15.21.55:366][  0]LogTemp:Display: Loaded TP IOSTargetPlatform
[2016.12.12-15.21.55:371][  0]LogTemp:Display: Loaded TP TVOSTargetPlatform
[2016.12.12-15.21.55:377][  0]LogTemp:Display: Loaded TP LinuxNoEditorTargetPlatform
[2016.12.12-15.21.55:383][  0]LogTemp:Display: Loaded TP LinuxServerTargetPlatform
[2016.12.12-15.21.55:390][  0]LogTemp:Display: Loaded TP LinuxTargetPlatform
[2016.12.12-15.21.55:390][  0]LogTargetPlatformManager:Display: Building Assets For Windows
[2016.12.12-15.21.55:473][  0]LogDerivedDataCache:Display: Max Cache Size: 512 MB
[2016.12.12-15.21.55:512][  0]LogDerivedDataCache: Loaded boot cache 0.04s 48MB C:/Users/YangHongpeng/AppData/Local/UnrealEngine/4.12/DerivedDataCache/Boot.ddc.
[2016.12.12-15.21.55:512][  0]LogDerivedDataCache:Display: Loaded Boot cache: C:/Users/YangHongpeng/AppData/Local/UnrealEngine/4.12/DerivedDataCache/Boot.ddc
[2016.12.12-15.21.55:512][  0]LogDerivedDataCache: FDerivedDataBackendGraph:  Pak pak cache file E:/_Unreal4_Project/BeamsandLasersPack/DerivedDataCache/DDC.ddp not found, will not use a pak cache.
[2016.12.12-15.21.55:512][  0]LogDerivedDataCache: Unable to find inner node Pak for hierarchical cache Hierarchy.
[2016.12.12-15.21.55:512][  0]LogDerivedDataCache: FDerivedDataBackendGraph:  CompressedPak pak cache file E:/_Unreal4_Project/BeamsandLasersPack/DerivedDataCache/Compressed.ddp not found, will not use a pak cache.
[2016.12.12-15.21.55:512][  0]LogDerivedDataCache: Unable to find inner node CompressedPak for hierarchical cache Hierarchy.
[2016.12.12-15.21.55:526][  0]LogDerivedDataCache:Display: Pak cache opened for reading ../../../Engine/DerivedDataCache/Compressed.ddp.
[2016.12.12-15.21.55:538][  0]LogDerivedDataCache: Using Local data cache path C:/Users/YangHongpeng/AppData/Local/UnrealEngine/Common/DerivedDataCache: Writable
[2016.12.12-15.21.55:681][  0]LogInit: Selected Device Profile: [Windows]
[2016.12.12-15.21.55:682][  0]LogContentStreaming: Texture pool size is 0.00 MB
[2016.12.12-15.21.55:804][  0]LogMeshUtilities: No automatic mesh reduction module available
[2016.12.12-15.21.55:804][  0]LogMeshUtilities: No automatic mesh merging module available
[2016.12.12-15.21.55:804][  0]LogMeshUtilities: No distributed automatic mesh merging module available
[2016.12.12-15.21.56:000][  0]LogAssetRegistry: FAssetRegistry took 0.0213 seconds to start up
[2016.12.12-15.21.56:051][  0]LogPackageLocalizationCache: Processed 3 localized package path(s) for 4 prioritized culture(s) in 0.047085 seconds
[2016.12.12-15.21.56:055][  0]LogUObjectArray: 28739 objects as part of root set at end of initial load.
[2016.12.12-15.21.56:055][  0]LogUObjectAllocator: 5855624 out of 0 bytes used by permanent object pool.
[2016.12.12-15.21.56:055][  0]LogUObjectArray: CloseDisregardForGC: 0/0 objects in disregard for GC pool
[2016.12.12-15.21.56:063][  0]LogInit: WinSock: version 1.1 (2.2), MaxSocks=32767, MaxUdp=65467
[2016.12.12-15.21.56:232][  0]LogSlate: SlateFontCache - WITH_FREETYPE: 1, WITH_HARFBUZZ: 1
[2016.12.12-15.21.56:232][  0]LogSlate: SlateFontCache - WITH_FREETYPE: 1, WITH_HARFBUZZ: 1
[2016.12.12-15.21.56:707][  0]LogUdpMessaging: Initializing bridge on interface 0.0.0.0:0 to multicast group 230.0.0.1:6666.
[2016.12.12-15.21.56:948][  0]SourceControl: 信息 源码控制已禁用
[2016.12.12-15.21.56:948][  0]SourceControl: 信息 源码控制已禁用
[2016.12.12-15.21.56:957][  0]SourceControl: 信息 源码控制已禁用
[2016.12.12-15.21.56:966][  0]SourceControl: 信息 源码控制已禁用
[2016.12.12-15.21.57:158][  0]LogEngine: Initializing Engine...
[2016.12.12-15.21.57:159][  0]LogHMD: SteamVR failed to initialize.  Err: 110
[2016.12.12-15.21.57:160][  0]LogHMD: SteamVR failed to initialize.  Err: 110
[2016.12.12-15.21.57:261][  0]LogAIModule: Creating AISystem for world NewWorld
[2016.12.12-15.21.57:274][  0]LogInit: XAudio2 using '扬声器 (Realtek High Definition Audio)' : 2 channels at 48 kHz using 32 bits per sample (channel mask 0x3)
[2016.12.12-15.21.57:287][  0]LogInit: FAudioDevice initialized.
[2016.12.12-15.21.57:311][  0]LogDerivedDataCache: Saved boot cache 0.02s 48MB C:/Users/YangHongpeng/AppData/Local/UnrealEngine/4.12/DerivedDataCache/Boot.ddc.
[2016.12.12-15.21.57:318][  0]LogInit: Texture streaming: Enabled
[2016.12.12-15.21.57:336][  0]LogInit: Transaction tracking system initialized
[2016.12.12-15.21.57:362][  0]BlueprintLog: New page: 编辑器加载
[2016.12.12-15.21.57:493][  0]LocalizationService: 信息 本地化服务已被禁用
[2016.12.12-15.21.57:572][  0]LogConsoleResponse:Display: 
[2016.12.12-15.21.57:648][  0]LogFileCache: Scanning file cache for directory 'E:/_Unreal4_Project/BeamsandLasersPack/Content/' took 0.01s
[2016.12.12-15.21.57:648][  0]LogCook:Display: Max memory allowance for cook 8192mb
[2016.12.12-15.21.57:648][  0]LogCook:Display: Mobile HDR setting 1
[2016.12.12-15.21.57:748][  0]SourceControl: 信息 源码控制已禁用
[2016.12.12-15.21.57:748][  0]Cmd: MAP LOAD FILE="../../../Engine/Content/Maps/Templates/Template_Default.umap" TEMPLATE=1 SHOWPROGRESS=1 FEATURELEVEL=3
[2016.12.12-15.21.57:749][  0]LightingResults: New page: 光照构建
[2016.12.12-15.21.57:751][  0]MapCheck: New page: 地图检测
[2016.12.12-15.21.57:751][  0]LightingResults: New page: 光照构建
[2016.12.12-15.21.57:911][  0]LogAIModule: Creating AISystem for world Untitled_1
[2016.12.12-15.21.57:914][  0]LogEditorServer: Finished looking for orphan Actors (0.000 secs)
[2016.12.12-15.21.57:918][  0]Cmd: MAP CHECKDEP NOCLEARLOG
[2016.12.12-15.21.57:944][  0]MapCheck: 信息 地图检测完成：0个错误，0 个警告，用时26.746毫秒完成。
[2016.12.12-15.21.57:944][  0]LogFileHelpers: Loading map 'Template_Default' took 0.196
[2016.12.12-15.21.58:042][  0]LogCollectionManager: Loaded 0 collections in 0.002262 seconds
[2016.12.12-15.21.58:142][  0]LogFileCache: Scanning file cache for directory 'E:/_Unreal4_Project/BeamsandLasersPack/Saved/Collections/' took 0.01s
[2016.12.12-15.21.58:142][  0]LogFileCache: Scanning file cache for directory 'E:/_Unreal4_Project/BeamsandLasersPack/Content/Developers/YangHongpeng/Collections/' took 0.01s
[2016.12.12-15.21.58:142][  0]LogFileCache: Scanning file cache for directory 'E:/_Unreal4_Project/BeamsandLasersPack/Content/Collections/' took 0.01s
[2016.12.12-15.21.58:143][  0]LogCollectionManager: Rebuilt the GUID cache for 0 collections in 0.000005 seconds
[2016.12.12-15.21.58:161][  0]LogContentBrowser: Native class hierarchy populated in 0.0162 seconds. Added 2047 classes and 369 folders.
[2016.12.12-15.21.58:173][  0]LogStats: UGameplayTagsManager::ConstructGameplayTagTree: Construct from data asset -  0.000 s
[2016.12.12-15.21.58:173][  0]LogStats: UGameplayTagsManager::ConstructGameplayTagTree: GameplayTagTreeChangedEvent.Broadcast -  0.000 s
[2016.12.12-15.21.58:174][  0]LogContentBrowser: Native class hierarchy updated for 'GameplayTags' in 0.0008 seconds. Added 12 classes and 0 folders.
[2016.12.12-15.21.58:189][  0]LogContentBrowser: Native class hierarchy updated for 'WidgetCarousel' in 0.0006 seconds. Added 0 classes and 0 folders.
[2016.12.12-15.21.58:296][  0]LogContentBrowser: Native class hierarchy updated for 'AddContentDialog' in 0.0004 seconds. Added 0 classes and 0 folders.
[2016.12.12-15.21.58:371][  0]LogContentBrowser: Native class hierarchy updated for 'SceneOutliner' in 0.0003 seconds. Added 1 classes and 2 folders.
[2016.12.12-15.21.58:415][  0]LogCrashTracker: Crashtracker disabled due to settings.
[2016.12.12-15.21.58:422][  0]LogUObjectGlobals:Warning: 寻找对象'Class 无.'失败
[2016.12.12-15.21.58:454][  0]LogContentBrowser: Native class hierarchy updated for 'HierarchicalLODOutliner' in 0.0007 seconds. Added 1 classes and 2 folders.
[2016.12.12-15.21.58:454][  0]LogLoad: Full Startup: 6.65 seconds (BP compile: 0.02 seconds)
[2016.12.12-15.21.58:454][  0]LogExternalProfiler: No external profilers were discovered.  External profiling features will not be available.
[2016.12.12-15.21.58:861][  0]LogWindowsTextInputMethodSystem:Display: IME system now activated using TSF (QQ拼音Win8版).
[2016.12.12-15.21.58:861][  0]LogWindowsTextInputMethodSystem:Display: IME system now activated using TSF (QQ拼音Win8版).
[2016.12.12-15.21.58:868][  0]LogOcInput: OculusInput pre-init called
[2016.12.12-15.21.58:911][  0]LogContentStreaming: Texture pool size now 1000 MB
[2016.12.12-15.21.59:057][  0]LogRenderer: Reallocating scene render targets to support 1220x996 (Frame:2).
[2016.12.12-15.21.59:171][  1]LogAssetRegistry: Asset discovery search completed in 3.1924 seconds
[2016.12.12-15.21.59:171][  1]LogCollectionManager: Rebuilt the object cache for 0 collections in 0.000001 seconds (found 0 objects)
[2016.12.12-15.21.59:171][  1]LogCollectionManager: Fixed up redirectors for 0 collections in 0.000015 seconds (updated 0 objects)
[2016.12.12-15.22.07:914][ 33]LogWindowsTextInputMethodSystem:Display: IME system now activated using TSF (QQ拼音Win8版).
[2016.12.12-15.22.07:915][ 33]LogWindowsTextInputMethodSystem:Display: IME system now activated using TSF (QQ拼音Win8版).
[2016.12.12-15.22.07:918][ 33]LogWindowsTextInputMethodSystem:Display: IME system now activated using TSF (QQ拼音Win8版).
[2016.12.12-15.22.07:918][ 33]LogWindowsTextInputMethodSystem:Display: IME system now activated using TSF (QQ拼音Win8版).
[2016.12.12-15.22.08:101][ 34]Cmd: QUIT_EDITOR
[2016.12.12-15.22.08:185][ 34]LogWindowsTextInputMethodSystem:Display: IME system now activated using TSF (QQ拼音Win8版).
[2016.12.12-15.22.08:186][ 34]LogWindowsTextInputMethodSystem:Display: IME system now activated using TSF (QQ拼音Win8版).
[2016.12.12-15.22.08:247][ 34]LogExit: Preparing to exit.
[2016.12.12-15.22.08:886][ 34]LogExit: Editor shut down
[2016.12.12-15.22.08:887][ 34]LogExit: Transaction tracking system shut down
[2016.12.12-15.22.09:088][ 34]LogObj: Freed 0b from 0 cluster array pools.
[2016.12.12-15.22.09:088][ 34]LogExit: Object subsystem successfully closed.
[2016.12.12-15.22.09:108][ 34]LogD3D11RHI: Shutdown
[2016.12.12-15.22.09:108][ 34]LogD3D11RHI: CleanupD3DDevice
[2016.12.12-15.22.09:158][ 34]LogD3D11RHI: ~FD3D11DynamicRHI
[2016.12.12-15.22.09:170][ 34]LogModuleManager: Shutting down and abandoning module HierarchicalLODOutliner (210)
[2016.12.12-15.22.09:170][ 34]LogModuleManager: Shutting down and abandoning module CrashTracker (209)
[2016.12.12-15.22.09:170][ 34]LogModuleManager: Shutting down and abandoning module SceneOutliner (208)
[2016.12.12-15.22.09:170][ 34]LogModuleManager: Shutting down and abandoning module WidgetCarousel (207)
[2016.12.12-15.22.09:170][ 34]LogModuleManager: Shutting down and abandoning module AddContentDialog (206)
[2016.12.12-15.22.09:170][ 34]LogModuleManager: Shutting down and abandoning module GameplayTags (205)
[2016.12.12-15.22.09:171][ 34]LogModuleManager: Shutting down and abandoning module EditorWidgets (204)
[2016.12.12-15.22.09:171][ 34]LogModuleManager: Shutting down and abandoning module CollectionManager (203)
[2016.12.12-15.22.09:171][ 34]LogModuleManager: Shutting down and abandoning module StatsViewer (202)
[2016.12.12-15.22.09:171][ 34]LogModuleManager: Shutting down and abandoning module FoliageEdit (201)
[2016.12.12-15.22.09:171][ 34]LogModuleManager: Shutting down and abandoning module LandscapeEditor (200)
[2016.12.12-15.22.09:171][ 34]LogModuleManager: Shutting down and abandoning module SceneDepthPickerMode (199)
[2016.12.12-15.22.09:171][ 34]LogModuleManager: Shutting down and abandoning module ActorPickerMode (198)
[2016.12.12-15.22.09:171][ 34]LogModuleManager: Shutting down and abandoning module GeometryMode (197)
[2016.12.12-15.22.09:171][ 34]LogModuleManager: Shutting down and abandoning module TextureAlignMode (196)
[2016.12.12-15.22.09:171][ 34]LogModuleManager: Shutting down and abandoning module BspMode (195)
[2016.12.12-15.22.09:171][ 34]LogModuleManager: Shutting down and abandoning module SequenceRecorderSections (194)
[2016.12.12-15.22.09:171][ 34]LogModuleManager: Shutting down and abandoning module SequenceRecorder (193)
[2016.12.12-15.22.09:171][ 34]LogModuleManager: Shutting down and abandoning module AutomationWorker (192)
[2016.12.12-15.22.09:171][ 34]LogModuleManager: Shutting down and abandoning module MatineeToLevelSequence (191)
[2016.12.12-15.22.09:171][ 34]LogModuleManager: Shutting down and abandoning module PlacementMode (190)
[2016.12.12-15.22.09:171][ 34]LogModuleManager: Shutting down and abandoning module LevelSequenceEditor (189)
[2016.12.12-15.22.09:171][ 34]LogModuleManager: Shutting down and abandoning module CharacterAI (188)
[2016.12.12-15.22.09:171][ 34]LogModuleManager: Shutting down and abandoning module SmartSnapping (187)
[2016.12.12-15.22.09:171][ 34]LogModuleManager: Shutting down and abandoning module SessionServices (186)
[2016.12.12-15.22.09:171][ 34]LogModuleManager: Shutting down and abandoning module ViewportSnapping (185)
[2016.12.12-15.22.09:171][ 34]LogModuleManager: Shutting down and abandoning module LogVisualizer (184)
[2016.12.12-15.22.09:171][ 34]LogModuleManager: Shutting down and abandoning module GameProjectGeneration (183)
[2016.12.12-15.22.09:171][ 34]LogModuleManager: Shutting down and abandoning module IntroTutorials (182)
[2016.12.12-15.22.09:171][ 34]LogModuleManager: Shutting down and abandoning module EditorLiveStreaming (181)
[2016.12.12-15.22.09:171][ 34]LogModuleManager: Shutting down and abandoning module IOSPlatformEditor (180)
[2016.12.12-15.22.09:171][ 34]LogModuleManager: Shutting down and abandoning module HTML5PlatformEditor (179)
[2016.12.12-15.22.09:171][ 34]LogModuleManager: Shutting down and abandoning module AndroidDeviceDetection (178)
[2016.12.12-15.22.09:531][ 34]LogModuleManager: Shutting down and abandoning module AndroidPlatformEditor (177)
[2016.12.12-15.22.09:531][ 34]LogModuleManager: Shutting down and abandoning module IOSRuntimeSettings (176)
[2016.12.12-15.22.09:531][ 34]LogModuleManager: Shutting down and abandoning module AndroidRuntimeSettings (175)
[2016.12.12-15.22.09:531][ 34]LogModuleManager: Shutting down and abandoning module MergeActors (174)
[2016.12.12-15.22.09:531][ 34]LogModuleManager: Shutting down and abandoning module SizeMap (173)
[2016.12.12-15.22.09:531][ 34]LogModuleManager: Shutting down and abandoning module TreeMap (172)
[2016.12.12-15.22.09:532][ 34]LogModuleManager: Shutting down and abandoning module ReferenceViewer (171)
[2016.12.12-15.22.09:532][ 34]LogModuleManager: Shutting down and abandoning module LocalizationService (170)
[2016.12.12-15.22.09:532][ 34]LogModuleManager: Shutting down and abandoning module LocalizationDashboard (169)
[2016.12.12-15.22.09:532][ 34]LogModuleManager: Shutting down and abandoning module HardwareTargeting (168)
[2016.12.12-15.22.09:532][ 34]LogModuleManager: Shutting down and abandoning module DeviceProfileEditor (167)
[2016.12.12-15.22.09:532][ 34]LogModuleManager: Shutting down and abandoning module UndoHistory (166)
[2016.12.12-15.22.09:532][ 34]LogModuleManager: Shutting down and abandoning module UserFeedback (165)
[2016.12.12-15.22.09:532][ 34]LogModuleManager: Shutting down and abandoning module XmlParser (164)
[2016.12.12-15.22.09:532][ 34]LogModuleManager: Shutting down and abandoning module Blutility (163)
[2016.12.12-15.22.09:532][ 34]LogModuleManager: Shutting down and abandoning module ProjectTargetPlatformEditor (162)
[2016.12.12-15.22.09:532][ 34]LogModuleManager: Shutting down and abandoning module ProjectSettingsViewer (161)
[2016.12.12-15.22.09:532][ 34]LogModuleManager: Shutting down and abandoning module InputBindingEditor (160)
[2016.12.12-15.22.09:533][ 34]LogModuleManager: Shutting down and abandoning module EditorSettingsViewer (159)
[2016.12.12-15.22.09:533][ 34]LogModuleManager: Shutting down and abandoning module SettingsEditor (158)
[2016.12.12-15.22.09:533][ 34]LogModuleManager: Shutting down and abandoning module ProjectLauncher (157)
[2016.12.12-15.22.09:533][ 34]LogModuleManager: Shutting down and abandoning module SessionFrontend (156)
[2016.12.12-15.22.09:533][ 34]LogModuleManager: Shutting down and abandoning module ProfilerClient (155)
[2016.12.12-15.22.09:533][ 34]LogModuleManager: Shutting down and abandoning module TargetDeviceServices (154)
[2016.12.12-15.22.09:533][ 34]LogModuleManager: Shutting down and abandoning module DeviceManager (153)
[2016.12.12-15.22.09:576][ 34]LogModuleManager: Shutting down and abandoning module AutomationController (152)
[2016.12.12-15.22.09:576][ 34]LogModuleManager: Shutting down and abandoning module AutomationWindow (151)
[2016.12.12-15.22.09:576][ 34]LogModuleManager: Shutting down and abandoning module Layers (150)
[2016.12.12-15.22.09:576][ 34]LogModuleManager: Shutting down and abandoning module ComponentVisualizers (149)
[2016.12.12-15.22.09:576][ 34]LogModuleManager: Shutting down and abandoning module DetailCustomizations (148)
[2016.12.12-15.22.09:576][ 34]LogModuleManager: Shutting down and abandoning module PackagesDialog (147)
[2016.12.12-15.22.09:576][ 34]LogModuleManager: Shutting down and abandoning module Persona (146)
[2016.12.12-15.22.09:576][ 34]LogModuleManager: Shutting down and abandoning module Kismet (145)
[2016.12.12-15.22.09:576][ 34]LogModuleManager: Shutting down and abandoning module GraphEditor (144)
[2016.12.12-15.22.09:576][ 34]LogModuleManager: Shutting down and abandoning module ClassViewer (143)
[2016.12.12-15.22.09:576][ 34]LogModuleManager: Shutting down and abandoning module Toolbox (142)
[2016.12.12-15.22.09:576][ 34]LogModuleManager: Shutting down and abandoning module ModuleUI (141)
[2016.12.12-15.22.09:576][ 34]LogModuleManager: Shutting down and abandoning module MovieSceneTools (140)
[2016.12.12-15.22.09:576][ 34]LogModuleManager: Shutting down and abandoning module OutputLog (139)
[2016.12.12-15.22.09:576][ 34]LogModuleManager: Shutting down and abandoning module GammaUI (138)
[2016.12.12-15.22.09:576][ 34]LogModuleManager: Shutting down and abandoning module Documentation (137)
[2016.12.12-15.22.09:576][ 34]LogModuleManager: Shutting down and abandoning module StreamingPauseRendering (136)
[2016.12.12-15.22.09:576][ 34]LogModuleManager: Shutting down and abandoning module PortalServices (135)
[2016.12.12-15.22.09:576][ 34]LogModuleManager: Shutting down and abandoning module PortalRpc (134)
[2016.12.12-15.22.09:576][ 34]LogModuleManager: Shutting down and abandoning module MessagingRpc (133)
[2016.12.12-15.22.09:576][ 34]LogModuleManager: Shutting down and abandoning module GameplayDebugger (132)
[2016.12.12-15.22.09:576][ 34]LogModuleManager: Shutting down and abandoning module AITestSuite (131)
[2016.12.12-15.22.09:576][ 34]LogModuleManager: Shutting down and abandoning module AIModule (130)
[2016.12.12-15.22.09:576][ 34]LogModuleManager: Shutting down and abandoning module ProfilerService (129)
[2016.12.12-15.22.09:639][ 34]LogModuleManager: Shutting down and abandoning module TaskGraph (128)
[2016.12.12-15.22.09:639][ 34]LogModuleManager: Shutting down and abandoning module SlateRemote (127)
[2016.12.12-15.22.09:639][ 34]LogModuleManager: Shutting down and abandoning module SteamVRController (126)
[2016.12.12-15.22.09:639][ 34]LogModuleManager: Shutting down and abandoning module SteamVR (125)
[2016.12.12-15.22.09:639][ 34]LogModuleManager: Shutting down and abandoning module ProceduralMeshComponent (124)
[2016.12.12-15.22.09:639][ 34]LogModuleManager: Shutting down and abandoning module OculusLibrary (123)
[2016.12.12-15.22.09:639][ 34]LogModuleManager: Shutting down and abandoning module OculusInput (122)
[2016.12.12-15.22.09:639][ 34]LogModuleManager: Shutting down and abandoning module CustomMeshComponent (121)
[2016.12.12-15.22.09:639][ 34]LogModuleManager: Shutting down and abandoning module CableComponent (120)
[2016.12.12-15.22.09:639][ 34]LogModuleManager: Shutting down and abandoning module ArchVisCharacter (119)
[2016.12.12-15.22.09:639][ 34]LogModuleManager: Shutting down and abandoning module MediaPlayerEditor (118)
[2016.12.12-15.22.09:640][ 34]LogModuleManager: Shutting down and abandoning module HTML5Networking (117)
[2016.12.12-15.22.09:640][ 34]LogModuleManager: Shutting down and abandoning module SuperSearch (116)
[2016.12.12-15.22.09:640][ 34]LogModuleManager: Shutting down and abandoning module SuperSearchEditor (115)
[2016.12.12-15.22.09:640][ 34]LogModuleManager: Shutting down and abandoning module SpeedTreeImporter (114)
[2016.12.12-15.22.09:640][ 34]LogModuleManager: Shutting down and abandoning module PluginBrowser (113)
[2016.12.12-15.22.09:640][ 34]LogModuleManager: Shutting down and abandoning module EpicSurvey (112)
[2016.12.12-15.22.09:640][ 34]LogModuleManager: Shutting down and abandoning module DesktopPlatform (111)
[2016.12.12-15.22.09:640][ 34]LogModuleManager: Shutting down and abandoning module VisualStudioSourceCodeAccess (110)
[2016.12.12-15.22.09:640][ 34]LogModuleManager: Shutting down and abandoning module UObjectPlugin (109)
[2016.12.12-15.22.09:640][ 34]LogModuleManager: Shutting down and abandoning module SubversionSourceControl (108)
[2016.12.12-15.22.09:640][ 34]LogModuleManager: Shutting down and abandoning module PerforceSourceControl (107)
[2016.12.12-15.22.09:640][ 34]LogModuleManager: Shutting down and abandoning module SourceControl (106)
[2016.12.12-15.22.09:640][ 34]LogModuleManager: Shutting down and abandoning module GitSourceControl (105)
[2016.12.12-15.22.09:640][ 34]LogModuleManager: Shutting down and abandoning module LightPropagationVolumeEditor (104)
[2016.12.12-15.22.09:640][ 34]LogModuleManager: Shutting down and abandoning module PaperTiledImporter (103)
[2016.12.12-15.22.09:640][ 34]LogModuleManager: Shutting down and abandoning module PaperSpriteSheetImporter (102)
[2016.12.12-15.22.09:640][ 34]LogModuleManager: Shutting down and abandoning module MeshPaint (101)
[2016.12.12-15.22.09:640][ 34]LogModuleManager: Shutting down and abandoning module PixelInspectorModule (100)
[2016.12.12-15.22.09:640][ 34]LogModuleManager: Shutting down and abandoning module HotReload (99)
[2016.12.12-15.22.09:641][ 34]LogModuleManager: Shutting down and abandoning module MainFrame (98)
[2016.12.12-15.22.09:641][ 34]LogModuleManager: Shutting down and abandoning module LevelEditor (97)
[2016.12.12-15.22.09:642][ 34]LogModuleManager: Shutting down and abandoning module ContentBrowser (96)
[2016.12.12-15.22.09:643][ 34]LogModuleManager: Shutting down and abandoning module Paper2DEditor (95)
[2016.12.12-15.22.09:643][ 34]LogModuleManager: Shutting down and abandoning module UdpMessaging (94)
[2016.12.12-15.22.09:744][ 34]LogModuleManager: Shutting down and abandoning module LightPropagationVolumeRuntime (93)
[2016.12.12-15.22.09:744][ 34]LogModuleManager: Shutting down and abandoning module Paper2D (92)
[2016.12.12-15.22.09:744][ 34]LogModuleManager: Shutting down and abandoning module WindowsMoviePlayer (91)
[2016.12.12-15.22.09:744][ 34]LogModuleManager: Shutting down and abandoning module Media (90)
[2016.12.12-15.22.09:744][ 34]LogModuleManager: Shutting down and abandoning module WmfMedia (89)
[2016.12.12-15.22.09:744][ 34]LogModuleManager: Shutting down and abandoning module MediaAssets (88)
[2016.12.12-15.22.09:744][ 34]LogModuleManager: Shutting down and abandoning module GameLiveStreaming (87)
[2016.12.12-15.22.09:744][ 34]LogModuleManager: Shutting down and abandoning module GameplayTagsEditor (86)
[2016.12.12-15.22.09:744][ 34]LogModuleManager: Shutting down and abandoning module OnlineBlueprintSupport (85)
[2016.12.12-15.22.09:744][ 34]LogModuleManager: Shutting down and abandoning module VREditor (84)
[2016.12.12-15.22.09:744][ 34]LogModuleManager: Shutting down and abandoning module GameplayTasksEditor (83)
[2016.12.12-15.22.09:744][ 34]LogModuleManager: Shutting down and abandoning module PropertyEditor (82)
[2016.12.12-15.22.09:744][ 34]LogModuleManager: Shutting down and abandoning module BehaviorTreeEditor (81)
[2016.12.12-15.22.09:744][ 34]LogModuleManager: Shutting down and abandoning module FunctionalTesting (80)
[2016.12.12-15.22.09:744][ 34]LogModuleManager: Shutting down and abandoning module CollisionAnalyzer (79)
[2016.12.12-15.22.09:744][ 34]LogModuleManager: Shutting down and abandoning module Sequencer (78)
[2016.12.12-15.22.09:744][ 34]LogModuleManager: Shutting down and abandoning module WorkspaceMenuStructure (77)
[2016.12.12-15.22.09:744][ 34]LogModuleManager: Shutting down and abandoning module MessageLog (76)
[2016.12.12-15.22.09:744][ 34]LogModuleManager: Shutting down and abandoning module AssetTools (75)
[2016.12.12-15.22.09:744][ 34]LogModuleManager: Shutting down and abandoning module UMGEditor (74)
[2016.12.12-15.22.09:744][ 34]LogModuleManager: Shutting down and abandoning module UMG (73)
[2016.12.12-15.22.09:744][ 34]LogModuleManager: Shutting down and abandoning module SlateReflector (72)
[2016.12.12-15.22.09:744][ 34]LogModuleManager: Shutting down and abandoning module Slate (71)
[2016.12.12-15.22.09:744][ 34]LogModuleManager: Shutting down and abandoning module EditorStyle (70)
[2016.12.12-15.22.09:747][ 34]LogModuleManager: Shutting down and abandoning module SourceCodeAccess (69)
[2016.12.12-15.22.09:747][ 34]LogModuleManager: Shutting down and abandoning module HeadMountedDisplay (68)
[2016.12.12-15.22.09:747][ 34]LogModuleManager: Shutting down and abandoning module XAudio2 (67)
[2016.12.12-15.22.09:747][ 34]LogModuleManager: Shutting down and abandoning module Networking (65)
[2016.12.12-15.22.09:747][ 34]LogModuleManager: Shutting down and abandoning module Core (64)
[2016.12.12-15.22.09:747][ 34]LogModuleManager: Shutting down and abandoning module DirectoryWatcher (63)
[2016.12.12-15.22.09:747][ 34]LogModuleManager: Shutting down and abandoning module AssetRegistry (62)
[2016.12.12-15.22.09:838][ 34]LogModuleManager: Shutting down and abandoning module KismetCompiler (61)
[2016.12.12-15.22.09:838][ 34]LogModuleManager: Shutting down and abandoning module PhysXFormats (60)
[2016.12.12-15.22.09:838][ 34]LogModuleManager: Shutting down and abandoning module MeshUtilities (59)
[2016.12.12-15.22.09:838][ 34]LogModuleManager: Shutting down and abandoning module DerivedDataCache (58)
[2016.12.12-15.22.10:045][ 34]LogDerivedDataCache: Shutdown
[2016.12.12-15.22.10:045][ 34]LogModuleManager: Shutting down and abandoning module VulkanShaderFormat (57)
[2016.12.12-15.22.10:045][ 34]LogModuleManager: Shutting down and abandoning module ShaderFormatOpenGL (56)
[2016.12.12-15.22.10:045][ 34]LogModuleManager: Shutting down and abandoning module ShaderFormatD3D (55)
[2016.12.12-15.22.10:045][ 34]LogModuleManager: Shutting down and abandoning module MetalShaderFormat (54)
[2016.12.12-15.22.10:045][ 34]LogModuleManager: Shutting down and abandoning module TextureFormatUncompressed (53)
[2016.12.12-15.22.10:045][ 34]LogModuleManager: Shutting down and abandoning module TextureFormatPVR (52)
[2016.12.12-15.22.10:045][ 34]LogModuleManager: Shutting down and abandoning module TextureFormatIntelISPCTexComp (51)
[2016.12.12-15.22.10:045][ 34]LogModuleManager: Shutting down and abandoning module TextureFormatDXT (50)
[2016.12.12-15.22.10:045][ 34]LogModuleManager: Shutting down and abandoning module ImageWrapper (49)
[2016.12.12-15.22.10:045][ 34]LogModuleManager: Shutting down and abandoning module TextureFormatASTC (48)
[2016.12.12-15.22.10:045][ 34]LogModuleManager: Shutting down and abandoning module TextureFormatAndroid (47)
[2016.12.12-15.22.10:045][ 34]LogModuleManager: Shutting down and abandoning module AudioFormatOpus (46)
[2016.12.12-15.22.10:045][ 34]LogModuleManager: Shutting down and abandoning module AudioFormatOgg (45)
[2016.12.12-15.22.10:045][ 34]LogModuleManager: Shutting down and abandoning module AudioFormatADPCM (44)
[2016.12.12-15.22.10:045][ 34]LogModuleManager: Shutting down and abandoning module LinuxTargetPlatform (43)
[2016.12.12-15.22.10:045][ 34]LogModuleManager: Shutting down and abandoning module LinuxServerTargetPlatform (42)
[2016.12.12-15.22.10:045][ 34]LogModuleManager: Shutting down and abandoning module LinuxNoEditorTargetPlatform (41)
[2016.12.12-15.22.10:045][ 34]LogModuleManager: Shutting down and abandoning module TVOSTargetPlatform (40)
[2016.12.12-15.22.10:045][ 34]LogModuleManager: Shutting down and abandoning module Messaging (39)
[2016.12.12-15.22.10:045][ 34]LogModuleManager: Shutting down and abandoning module IOSTargetPlatform (38)
[2016.12.12-15.22.10:045][ 34]LogModuleManager: Shutting down and abandoning module HTML5TargetPlatform (37)
[2016.12.12-15.22.10:045][ 34]LogModuleManager: Shutting down and abandoning module Android_PVRTCTargetPlatform (36)
[2016.12.12-15.22.10:045][ 34]LogModuleManager: Shutting down and abandoning module Android_MultiTargetPlatform (35)
[2016.12.12-15.22.10:046][ 34]LogModuleManager: Shutting down and abandoning module Android_ETC2TargetPlatform (34)
[2016.12.12-15.22.10:046][ 34]LogModuleManager: Shutting down and abandoning module Android_ETC1TargetPlatform (33)
[2016.12.12-15.22.10:046][ 34]LogModuleManager: Shutting down and abandoning module Android_DXTTargetPlatform (32)
[2016.12.12-15.22.10:046][ 34]LogModuleManager: Shutting down and abandoning module Android_ATCTargetPlatform (31)
[2016.12.12-15.22.10:046][ 34]LogModuleManager: Shutting down and abandoning module Android_ASTCTargetPlatform (30)
[2016.12.12-15.22.10:046][ 34]LogModuleManager: Shutting down and abandoning module AndroidTargetPlatform (29)
[2016.12.12-15.22.10:046][ 34]LogModuleManager: Shutting down and abandoning module WindowsTargetPlatform (28)
[2016.12.12-15.22.10:046][ 34]LogModuleManager: Shutting down and abandoning module WindowsServerTargetPlatform (27)
[2016.12.12-15.22.10:046][ 34]LogModuleManager: Shutting down and abandoning module WindowsNoEditorTargetPlatform (26)
[2016.12.12-15.22.10:046][ 34]LogModuleManager: Shutting down and abandoning module WindowsClientTargetPlatform (25)
[2016.12.12-15.22.10:046][ 34]LogModuleManager: Shutting down and abandoning module AllDesktopTargetPlatform (24)
[2016.12.12-15.22.10:046][ 34]LogModuleManager: Shutting down and abandoning module TargetPlatform (23)
[2016.12.12-15.22.10:046][ 34]LogModuleManager: Shutting down and abandoning module InputCore (22)
[2016.12.12-15.22.10:046][ 34]LogModuleManager: Shutting down and abandoning module Settings (21)
[2016.12.12-15.22.10:046][ 34]LogModuleManager: Shutting down and abandoning module OnlineSubsystem (19)
[2016.12.12-15.22.10:046][ 34]LogModuleManager: Shutting down and abandoning module HTTP (18)
[2016.12.12-15.22.10:046][ 34]LogModuleManager: Shutting down and abandoning module XMPP (17)
[2016.12.12-15.22.10:046][ 34]LogModuleManager: Shutting down and abandoning module OculusRift (16)
[2016.12.12-15.22.10:046][ 34]LogModuleManager: Shutting down and abandoning module ExampleDeviceProfileSelector (15)
[2016.12.12-15.22.10:046][ 34]LogModuleManager: Shutting down and abandoning module TextureCompressor (14)
[2016.12.12-15.22.10:046][ 34]LogModuleManager: Shutting down and abandoning module ShaderCore (13)
[2016.12.12-15.22.10:046][ 34]LogModuleManager: Shutting down and abandoning module Landscape (12)
[2016.12.12-15.22.10:046][ 34]LogModuleManager: Shutting down and abandoning module SlateRHIRenderer (11)
[2016.12.12-15.22.10:048][ 34]LogModuleManager: Shutting down and abandoning module OpenGLDrv (10)
[2016.12.12-15.22.10:048][ 34]LogModuleManager: Shutting down and abandoning module D3D11RHI (9)
[2016.12.12-15.22.10:048][ 34]LogModuleManager: Shutting down and abandoning module AnimGraphRuntime (8)
[2016.12.12-15.22.10:048][ 34]LogModuleManager: Shutting down and abandoning module Renderer (7)
[2016.12.12-15.22.10:048][ 34]LogModuleManager: Shutting down and abandoning module Engine (6)
[2016.12.12-15.22.10:048][ 34]LogModuleManager: Shutting down and abandoning module CoreUObject (5)
[2016.12.12-15.22.10:048][ 34]LogModuleManager: Shutting down and abandoning module NetworkFile (4)
[2016.12.12-15.22.10:048][ 34]LogModuleManager: Shutting down and abandoning module StreamingFile (3)
[2016.12.12-15.22.10:048][ 34]LogModuleManager: Shutting down and abandoning module SandboxFile (2)
[2016.12.12-15.22.10:048][ 34]LogModuleManager: Shutting down and abandoning module PakFile (1)
[2016.12.12-15.22.10:050][ 34]LogExit: Exiting.
[2016.12.12-15.22.10:063][ 34]Log file closed, 12/12/16 23:22:10
